------------------------------------------------------------------------------------------------------------------------

[2022-08-27 14:04:30 #1 store] 
Database 'C:\Users\Mikel\git\LaLiga\src\main\resources\bets.temp' has been recovered (tr. 1-69)

[2022-08-27 14:04:30 #2 store] 
Database 'C:\Users\Mikel\git\LaLiga\src\main\resources\bets.temp' is opened by 9272@DESKTOP-0ERA6U6

[2022-08-27 14:04:40 #3 store] 
Database 'C:\Users\Mikel\git\LaLiga\src\main\resources\bets.temp' is closed by 9272@DESKTOP-0ERA6U6

------------------------------------------------------------------------------------------------------------------------

[2022-08-27 15:05:51 #1 store] 
Database 'C:\Users\Mikel\git\LaLiga\src\main\resources\bets.temp' has been recovered (tr. 1-70)

[2022-08-27 15:05:51 #2 store] 
Database 'C:\Users\Mikel\git\LaLiga\src\main\resources\bets.temp' is opened by 20860@DESKTOP-0ERA6U6

[2022-08-27 15:05:59 #3 store] 
Database 'C:\Users\Mikel\git\LaLiga\src\main\resources\bets.temp' is closed by 20860@DESKTOP-0ERA6U6

------------------------------------------------------------------------------------------------------------------------

[2022-08-27 15:43:26 #1 store] 
Database 'C:\Users\Mikel\git\LaLiga\src\main\resources\bets.temp' has been recovered (tr. 1-68)

[2022-08-27 15:43:26 #2 store] 
Database 'C:\Users\Mikel\git\LaLiga\src\main\resources\bets.temp' is opened by 22312@DESKTOP-0ERA6U6

[2022-08-27 15:43:37 #3 store] 
Database 'C:\Users\Mikel\git\LaLiga\src\main\resources\bets.temp' is closed by 22312@DESKTOP-0ERA6U6

------------------------------------------------------------------------------------------------------------------------

[2022-08-27 16:06:15 #1 store] 
Database 'C:\Users\Mikel\git\LaLiga\src\main\resources\bets.temp' has been recovered (tr. 1-69)

[2022-08-27 16:06:15 #2 store] 
Database 'C:\Users\Mikel\git\LaLiga\src\main\resources\bets.temp' is opened by 11928@DESKTOP-0ERA6U6

[2022-08-27 16:06:38 #3 store] 
Database 'C:\Users\Mikel\git\LaLiga\src\main\resources\bets.temp' is closed by 11928@DESKTOP-0ERA6U6

------------------------------------------------------------------------------------------------------------------------

[2022-08-27 17:02:41 #1 store] 
Database 'C:\Users\Mikel\git\LaLiga\src\main\resources\bets.temp' has been recovered (tr. 1-69)

[2022-08-27 17:02:41 #2 store] 
Database 'C:\Users\Mikel\git\LaLiga\src\main\resources\bets.temp' is opened by 12732@DESKTOP-0ERA6U6

[2022-08-27 17:03:16 #3 store] 
Database 'C:\Users\Mikel\git\LaLiga\src\main\resources\bets.temp' is closed by 12732@DESKTOP-0ERA6U6

------------------------------------------------------------------------------------------------------------------------

[2022-08-27 17:10:51 #1 store] 
Database 'C:\Users\Mikel\git\LaLiga\src\main\resources\bets.temp' has been recovered (tr. 1-69)

[2022-08-27 17:10:51 #2 store] 
Database 'C:\Users\Mikel\git\LaLiga\src\main\resources\bets.temp' is opened by 1328@DESKTOP-0ERA6U6

[2022-08-27 17:11:32 #3 store] 
Database 'C:\Users\Mikel\git\LaLiga\src\main\resources\bets.temp' is closed by 1328@DESKTOP-0ERA6U6

------------------------------------------------------------------------------------------------------------------------

[2022-08-27 17:13:18 #1 store] 
Database 'C:\Users\Mikel\git\LaLiga\src\main\resources\bets.temp' has been recovered (tr. 1-69)

[2022-08-27 17:13:18 #2 store] 
Database 'C:\Users\Mikel\git\LaLiga\src\main\resources\bets.temp' is opened by 19724@DESKTOP-0ERA6U6

[2022-08-27 17:13:30 #3 store] 
Database 'C:\Users\Mikel\git\LaLiga\src\main\resources\bets.temp' is closed by 19724@DESKTOP-0ERA6U6

