------------------------------------------------------------------------------------------------------------------------

[2022-09-30 17:18:02 #1 store] 
Database 'C:\Users\Mikel\git\BetCompleted22\src\main\resources\bets.temp' has been recovered (tr. 1-10)

[2022-09-30 17:18:02 #2 store] 
Database 'C:\Users\Mikel\git\BetCompleted22\src\main\resources\bets.temp' is opened by 21128@DESKTOP-0ERA6U6

[2022-09-30 17:18:02 #3 type] 
Type domain.Team is not enhanced.

[2022-09-30 17:18:02 #4 type] 
Type domain.Event is not enhanced.

[2022-09-30 17:18:02 #5 type] 
Type domain.User is not enhanced.

[2022-09-30 17:18:02 #6 type] 
Type domain.Registered is not enhanced.

[2022-09-30 17:18:02 #7 type] 
Type domain.Sport is not enhanced.

[2022-09-30 17:18:02 #8 type] 
Type domain.Question is not enhanced.

[2022-09-30 17:18:02 #9 type] 
Type domain.Elkarrizketa is not enhanced.

[2022-09-30 17:18:02 #10 type] 
Type domain.Message is not enhanced.

[2022-09-30 17:18:02 #11 type] 
Type domain.KirolEstatistikak is not enhanced.

[2022-09-30 17:18:02 #12 type] 
Type domain.Jarraitzailea is not enhanced.

[2022-09-30 17:18:02 #13 type] 
Type domain.ApustuAnitza is not enhanced.

[2022-09-30 17:18:02 #14 type] 
Type domain.Transaction is not enhanced.

[2022-09-30 17:18:02 #15 type] 
Type domain.Quote is not enhanced.

[2022-09-30 17:18:02 #16 type] 
Type domain.Apustua is not enhanced.

[2022-09-30 17:18:02 #17 type] 
Type domain.Admin is not enhanced.

------------------------------------------------------------------------------------------------------------------------

[2022-09-30 17:25:20 #1 store] 
Database 'C:\Users\Mikel\git\BetCompleted22\src\main\resources\bets.temp' has been recovered (tr. 11-14)

[2022-09-30 17:25:20 #2 store] 
Database 'C:\Users\Mikel\git\BetCompleted22\src\main\resources\bets.temp' is opened by 11060@DESKTOP-0ERA6U6

[2022-09-30 17:25:20 #3 type] 
Type domain.Team is not enhanced.

[2022-09-30 17:25:20 #4 type] 
Type domain.Event is not enhanced.

[2022-09-30 17:25:20 #5 type] 
Type domain.User is not enhanced.

[2022-09-30 17:25:20 #6 type] 
Type domain.Registered is not enhanced.

[2022-09-30 17:25:20 #7 type] 
Type domain.Sport is not enhanced.

[2022-09-30 17:25:20 #8 type] 
Type domain.Question is not enhanced.

[2022-09-30 17:25:20 #9 type] 
Type domain.Elkarrizketa is not enhanced.

[2022-09-30 17:25:20 #10 type] 
Type domain.Message is not enhanced.

[2022-09-30 17:25:20 #11 type] 
Type domain.KirolEstatistikak is not enhanced.

[2022-09-30 17:25:20 #12 type] 
Type domain.Jarraitzailea is not enhanced.

[2022-09-30 17:25:20 #13 type] 
Type domain.ApustuAnitza is not enhanced.

[2022-09-30 17:25:20 #14 type] 
Type domain.Transaction is not enhanced.

[2022-09-30 17:25:20 #15 type] 
Type domain.Quote is not enhanced.

[2022-09-30 17:25:20 #16 type] 
Type domain.Apustua is not enhanced.

[2022-09-30 17:25:20 #17 type] 
Type domain.Admin is not enhanced.

------------------------------------------------------------------------------------------------------------------------

[2022-09-30 17:26:08 #1 store] 
Database 'C:\Users\Mikel\git\BetCompleted22\src\main\resources\bets.temp' is opened by 15000@DESKTOP-0ERA6U6

[2022-09-30 17:26:08 #2 type] 
Type domain.Team is not enhanced.

[2022-09-30 17:26:08 #3 type] 
Type domain.Event is not enhanced.

[2022-09-30 17:26:08 #4 type] 
Type domain.User is not enhanced.

[2022-09-30 17:26:08 #5 type] 
Type domain.Registered is not enhanced.

[2022-09-30 17:26:08 #6 type] 
Type domain.Sport is not enhanced.

[2022-09-30 17:26:08 #7 type] 
Type domain.Question is not enhanced.

[2022-09-30 17:26:08 #8 type] 
Type domain.Elkarrizketa is not enhanced.

[2022-09-30 17:26:08 #9 type] 
Type domain.Message is not enhanced.

[2022-09-30 17:26:08 #10 type] 
Type domain.KirolEstatistikak is not enhanced.

[2022-09-30 17:26:08 #11 type] 
Type domain.Jarraitzailea is not enhanced.

[2022-09-30 17:26:08 #12 type] 
Type domain.ApustuAnitza is not enhanced.

[2022-09-30 17:26:08 #13 type] 
Type domain.Transaction is not enhanced.

[2022-09-30 17:26:08 #14 type] 
Type domain.Quote is not enhanced.

[2022-09-30 17:26:08 #15 type] 
Type domain.Apustua is not enhanced.

[2022-09-30 17:26:08 #16 type] 
Type domain.Admin is not enhanced.

------------------------------------------------------------------------------------------------------------------------

[2022-09-30 17:30:41 #1 store] 
Database 'C:\Users\Mikel\git\BetCompleted22\src\main\resources\bets.temp' is opened by 10760@DESKTOP-0ERA6U6

[2022-09-30 17:30:41 #2 type] 
Type domain.Team is not enhanced.

[2022-09-30 17:30:41 #3 type] 
Type domain.Event is not enhanced.

[2022-09-30 17:30:41 #4 type] 
Type domain.User is not enhanced.

[2022-09-30 17:30:41 #5 type] 
Type domain.Registered is not enhanced.

[2022-09-30 17:30:41 #6 type] 
Type domain.Sport is not enhanced.

[2022-09-30 17:30:41 #7 type] 
Type domain.Question is not enhanced.

[2022-09-30 17:30:41 #8 type] 
Type domain.Elkarrizketa is not enhanced.

[2022-09-30 17:30:41 #9 type] 
Type domain.Message is not enhanced.

[2022-09-30 17:30:41 #10 type] 
Type domain.KirolEstatistikak is not enhanced.

[2022-09-30 17:30:41 #11 type] 
Type domain.Jarraitzailea is not enhanced.

[2022-09-30 17:30:41 #12 type] 
Type domain.ApustuAnitza is not enhanced.

[2022-09-30 17:30:41 #13 type] 
Type domain.Transaction is not enhanced.

[2022-09-30 17:30:41 #14 type] 
Type domain.Quote is not enhanced.

[2022-09-30 17:30:41 #15 type] 
Type domain.Apustua is not enhanced.

[2022-09-30 17:30:41 #16 type] 
Type domain.Admin is not enhanced.

------------------------------------------------------------------------------------------------------------------------

[2022-09-30 17:33:09 #1 store] 
Database 'C:\Users\Mikel\git\BetCompleted22\src\main\resources\bets.temp' is opened by 7912@DESKTOP-0ERA6U6

[2022-09-30 17:33:09 #2 type] 
Type domain.Team is not enhanced.

[2022-09-30 17:33:09 #3 type] 
Type domain.Event is not enhanced.

[2022-09-30 17:33:09 #4 type] 
Type domain.User is not enhanced.

[2022-09-30 17:33:09 #5 type] 
Type domain.Registered is not enhanced.

[2022-09-30 17:33:09 #6 type] 
Type domain.Sport is not enhanced.

[2022-09-30 17:33:09 #7 type] 
Type domain.Question is not enhanced.

[2022-09-30 17:33:09 #8 type] 
Type domain.Elkarrizketa is not enhanced.

[2022-09-30 17:33:09 #9 type] 
Type domain.Message is not enhanced.

[2022-09-30 17:33:09 #10 type] 
Type domain.KirolEstatistikak is not enhanced.

[2022-09-30 17:33:09 #11 type] 
Type domain.Jarraitzailea is not enhanced.

[2022-09-30 17:33:09 #12 type] 
Type domain.ApustuAnitza is not enhanced.

[2022-09-30 17:33:09 #13 type] 
Type domain.Transaction is not enhanced.

[2022-09-30 17:33:09 #14 type] 
Type domain.Quote is not enhanced.

[2022-09-30 17:33:09 #15 type] 
Type domain.Apustua is not enhanced.

[2022-09-30 17:33:09 #16 type] 
Type domain.Admin is not enhanced.

------------------------------------------------------------------------------------------------------------------------

[2022-09-30 17:36:48 #1 store] 
Database 'C:\Users\Mikel\git\BetCompleted22\src\main\resources\bets.temp' is opened by 21320@DESKTOP-0ERA6U6

[2022-09-30 17:36:48 #2 type] 
Type domain.Team is not enhanced.

[2022-09-30 17:36:48 #3 type] 
Type domain.Event is not enhanced.

[2022-09-30 17:36:48 #4 type] 
Type domain.User is not enhanced.

[2022-09-30 17:36:48 #5 type] 
Type domain.Registered is not enhanced.

[2022-09-30 17:36:48 #6 type] 
Type domain.Sport is not enhanced.

[2022-09-30 17:36:48 #7 type] 
Type domain.Question is not enhanced.

[2022-09-30 17:36:48 #8 type] 
Type domain.Elkarrizketa is not enhanced.

[2022-09-30 17:36:48 #9 type] 
Type domain.Message is not enhanced.

[2022-09-30 17:36:48 #10 type] 
Type domain.KirolEstatistikak is not enhanced.

[2022-09-30 17:36:48 #11 type] 
Type domain.Jarraitzailea is not enhanced.

[2022-09-30 17:36:48 #12 type] 
Type domain.ApustuAnitza is not enhanced.

[2022-09-30 17:36:48 #13 type] 
Type domain.Transaction is not enhanced.

[2022-09-30 17:36:48 #14 type] 
Type domain.Quote is not enhanced.

[2022-09-30 17:36:48 #15 type] 
Type domain.Apustua is not enhanced.

[2022-09-30 17:36:48 #16 type] 
Type domain.Admin is not enhanced.

------------------------------------------------------------------------------------------------------------------------

[2022-09-30 17:38:01 #1 store] 
Database 'C:\Users\Mikel\git\BetCompleted22\src\main\resources\bets.temp' is opened by 21972@DESKTOP-0ERA6U6

[2022-09-30 17:38:01 #2 type] 
Type domain.Team is not enhanced.

[2022-09-30 17:38:01 #3 type] 
Type domain.Event is not enhanced.

[2022-09-30 17:38:01 #4 type] 
Type domain.User is not enhanced.

[2022-09-30 17:38:01 #5 type] 
Type domain.Registered is not enhanced.

[2022-09-30 17:38:01 #6 type] 
Type domain.Sport is not enhanced.

[2022-09-30 17:38:01 #7 type] 
Type domain.Question is not enhanced.

[2022-09-30 17:38:01 #8 type] 
Type domain.Elkarrizketa is not enhanced.

[2022-09-30 17:38:01 #9 type] 
Type domain.Message is not enhanced.

[2022-09-30 17:38:01 #10 type] 
Type domain.KirolEstatistikak is not enhanced.

[2022-09-30 17:38:01 #11 type] 
Type domain.Jarraitzailea is not enhanced.

[2022-09-30 17:38:01 #12 type] 
Type domain.ApustuAnitza is not enhanced.

[2022-09-30 17:38:01 #13 type] 
Type domain.Transaction is not enhanced.

[2022-09-30 17:38:01 #14 type] 
Type domain.Quote is not enhanced.

[2022-09-30 17:38:01 #15 type] 
Type domain.Apustua is not enhanced.

[2022-09-30 17:38:01 #16 type] 
Type domain.Admin is not enhanced.

------------------------------------------------------------------------------------------------------------------------

[2022-09-30 17:38:36 #1 store] 
Database 'C:\Users\Mikel\git\BetCompleted22\src\main\resources\bets.temp' is opened by 8360@DESKTOP-0ERA6U6

[2022-09-30 17:39:40 #2 store] 
Database 'C:\Users\Mikel\git\BetCompleted22\src\main\resources\bets.temp' is closed by 8360@DESKTOP-0ERA6U6

------------------------------------------------------------------------------------------------------------------------

[2022-09-30 17:42:57 #1 store] 
Database 'C:\Users\Mikel\git\BetCompleted22\src\main\resources\bets.temp' is opened by 16104@DESKTOP-0ERA6U6

[2022-09-30 17:42:57 #2 type] 
Type domain.Team is not enhanced.

[2022-09-30 17:42:57 #3 type] 
Type domain.Event is not enhanced.

[2022-09-30 17:42:57 #4 type] 
Type domain.User is not enhanced.

[2022-09-30 17:42:57 #5 type] 
Type domain.Registered is not enhanced.

[2022-09-30 17:42:57 #6 type] 
Type domain.Sport is not enhanced.

[2022-09-30 17:42:57 #7 type] 
Type domain.Question is not enhanced.

[2022-09-30 17:42:57 #8 type] 
Type domain.Elkarrizketa is not enhanced.

[2022-09-30 17:42:57 #9 type] 
Type domain.Message is not enhanced.

[2022-09-30 17:42:57 #10 type] 
Type domain.KirolEstatistikak is not enhanced.

[2022-09-30 17:42:57 #11 type] 
Type domain.Jarraitzailea is not enhanced.

[2022-09-30 17:42:57 #12 type] 
Type domain.ApustuAnitza is not enhanced.

[2022-09-30 17:42:57 #13 type] 
Type domain.Transaction is not enhanced.

[2022-09-30 17:42:57 #14 type] 
Type domain.Quote is not enhanced.

[2022-09-30 17:42:57 #15 type] 
Type domain.Apustua is not enhanced.

[2022-09-30 17:42:57 #16 type] 
Type domain.Admin is not enhanced.

------------------------------------------------------------------------------------------------------------------------

[2022-09-30 17:44:14 #1 store] 
Database 'C:\Users\Mikel\git\BetCompleted22\src\main\resources\bets.temp' has been recovered (tr. 20-24)

[2022-09-30 17:44:14 #2 store] 
Database 'C:\Users\Mikel\git\BetCompleted22\src\main\resources\bets.temp' is opened by 19500@DESKTOP-0ERA6U6

[2022-09-30 17:51:16 #3 store] 
Database 'C:\Users\Mikel\git\BetCompleted22\src\main\resources\bets.temp' is closed by 19500@DESKTOP-0ERA6U6

------------------------------------------------------------------------------------------------------------------------

[2022-09-30 17:51:22 #1 store] 
Database 'C:\Users\Mikel\git\BetCompleted22\src\main\resources\bets.temp' is opened by 10688@DESKTOP-0ERA6U6

[2022-09-30 17:51:22 #2 type] 
Type domain.Team is not enhanced.

[2022-09-30 17:51:22 #3 type] 
Type domain.Event is not enhanced.

[2022-09-30 17:51:22 #4 type] 
Type domain.User is not enhanced.

[2022-09-30 17:51:22 #5 type] 
Type domain.Registered is not enhanced.

[2022-09-30 17:51:22 #6 type] 
Type domain.Sport is not enhanced.

[2022-09-30 17:51:22 #7 type] 
Type domain.Question is not enhanced.

[2022-09-30 17:51:22 #8 type] 
Type domain.Elkarrizketa is not enhanced.

[2022-09-30 17:51:22 #9 type] 
Type domain.Message is not enhanced.

[2022-09-30 17:51:22 #10 type] 
Type domain.KirolEstatistikak is not enhanced.

[2022-09-30 17:51:22 #11 type] 
Type domain.Jarraitzailea is not enhanced.

[2022-09-30 17:51:22 #12 type] 
Type domain.ApustuAnitza is not enhanced.

[2022-09-30 17:51:22 #13 type] 
Type domain.Transaction is not enhanced.

[2022-09-30 17:51:22 #14 type] 
Type domain.Quote is not enhanced.

[2022-09-30 17:51:22 #15 type] 
Type domain.Apustua is not enhanced.

[2022-09-30 17:51:22 #16 type] 
Type domain.Admin is not enhanced.

------------------------------------------------------------------------------------------------------------------------

[2022-09-30 17:51:30 #1 store] 
Database 'C:\Users\Mikel\git\BetCompleted22\src\main\resources\bets.temp' has been recovered (tr. 27-32)

[2022-09-30 17:51:30 #2 store] 
Database 'C:\Users\Mikel\git\BetCompleted22\src\main\resources\bets.temp' is opened by 17600@DESKTOP-0ERA6U6

[2022-09-30 17:51:35 #3 store] 
Database 'C:\Users\Mikel\git\BetCompleted22\src\main\resources\bets.temp' is closed by 17600@DESKTOP-0ERA6U6

------------------------------------------------------------------------------------------------------------------------

[2022-09-30 17:52:09 #1 store] 
Database 'C:\Users\Mikel\git\BetCompleted22\src\main\resources\bets.temp' is opened by 18568@DESKTOP-0ERA6U6

[2022-09-30 17:52:09 #2 type] 
Type domain.Team is not enhanced.

[2022-09-30 17:52:09 #3 type] 
Type domain.Event is not enhanced.

[2022-09-30 17:52:09 #4 type] 
Type domain.User is not enhanced.

[2022-09-30 17:52:09 #5 type] 
Type domain.Registered is not enhanced.

[2022-09-30 17:52:09 #6 type] 
Type domain.Sport is not enhanced.

[2022-09-30 17:52:09 #7 type] 
Type domain.Question is not enhanced.

[2022-09-30 17:52:09 #8 type] 
Type domain.Elkarrizketa is not enhanced.

[2022-09-30 17:52:09 #9 type] 
Type domain.Message is not enhanced.

[2022-09-30 17:52:09 #10 type] 
Type domain.KirolEstatistikak is not enhanced.

[2022-09-30 17:52:09 #11 type] 
Type domain.Jarraitzailea is not enhanced.

[2022-09-30 17:52:09 #12 type] 
Type domain.ApustuAnitza is not enhanced.

[2022-09-30 17:52:09 #13 type] 
Type domain.Transaction is not enhanced.

[2022-09-30 17:52:09 #14 type] 
Type domain.Quote is not enhanced.

[2022-09-30 17:52:09 #15 type] 
Type domain.Apustua is not enhanced.

[2022-09-30 17:52:09 #16 type] 
Type domain.Admin is not enhanced.

------------------------------------------------------------------------------------------------------------------------

[2022-09-30 18:23:25 #1 store] 
Database 'C:\Users\Mikel\git\BetCompleted22\src\main\resources\bets.temp' has been recovered (tr. 33-37)

[2022-09-30 18:23:25 #2 store] 
Database 'C:\Users\Mikel\git\BetCompleted22\src\main\resources\bets.temp' is opened by 7476@DESKTOP-0ERA6U6

[2022-09-30 18:23:25 #3 type] 
Type domain.Team is not enhanced.

[2022-09-30 18:23:25 #4 type] 
Type domain.Event is not enhanced.

[2022-09-30 18:23:25 #5 type] 
Type domain.User is not enhanced.

[2022-09-30 18:23:25 #6 type] 
Type domain.Registered is not enhanced.

[2022-09-30 18:23:25 #7 type] 
Type domain.Sport is not enhanced.

[2022-09-30 18:23:25 #8 type] 
Type domain.Question is not enhanced.

[2022-09-30 18:23:25 #9 type] 
Type domain.Elkarrizketa is not enhanced.

[2022-09-30 18:23:25 #10 type] 
Type domain.Message is not enhanced.

[2022-09-30 18:23:25 #11 type] 
Type domain.KirolEstatistikak is not enhanced.

[2022-09-30 18:23:25 #12 type] 
Type domain.Jarraitzailea is not enhanced.

[2022-09-30 18:23:25 #13 type] 
Type domain.ApustuAnitza is not enhanced.

[2022-09-30 18:23:25 #14 type] 
Type domain.Transaction is not enhanced.

[2022-09-30 18:23:25 #15 type] 
Type domain.Quote is not enhanced.

[2022-09-30 18:23:25 #16 type] 
Type domain.Apustua is not enhanced.

[2022-09-30 18:23:25 #17 type] 
Type domain.Admin is not enhanced.

------------------------------------------------------------------------------------------------------------------------

[2022-09-30 18:24:53 #1 store] 
Database 'C:\Users\Mikel\git\BetCompleted22\src\main\resources\bets.temp' has been recovered (tr. 38-48)

[2022-09-30 18:24:53 #2 store] 
Database 'C:\Users\Mikel\git\BetCompleted22\src\main\resources\bets.temp' is opened by 10984@DESKTOP-0ERA6U6

[2022-09-30 18:24:53 #3 type] 
Type domain.Team is not enhanced.

[2022-09-30 18:24:53 #4 type] 
Type domain.Event is not enhanced.

[2022-09-30 18:24:53 #5 type] 
Type domain.User is not enhanced.

[2022-09-30 18:24:53 #6 type] 
Type domain.Registered is not enhanced.

[2022-09-30 18:24:53 #7 type] 
Type domain.Sport is not enhanced.

[2022-09-30 18:24:53 #8 type] 
Type domain.Question is not enhanced.

[2022-09-30 18:24:53 #9 type] 
Type domain.Elkarrizketa is not enhanced.

[2022-09-30 18:24:53 #10 type] 
Type domain.Message is not enhanced.

[2022-09-30 18:24:53 #11 type] 
Type domain.KirolEstatistikak is not enhanced.

[2022-09-30 18:24:53 #12 type] 
Type domain.Jarraitzailea is not enhanced.

[2022-09-30 18:24:53 #13 type] 
Type domain.ApustuAnitza is not enhanced.

[2022-09-30 18:24:53 #14 type] 
Type domain.Transaction is not enhanced.

[2022-09-30 18:24:53 #15 type] 
Type domain.Quote is not enhanced.

[2022-09-30 18:24:53 #16 type] 
Type domain.Apustua is not enhanced.

[2022-09-30 18:24:53 #17 type] 
Type domain.Admin is not enhanced.

------------------------------------------------------------------------------------------------------------------------

[2022-09-30 18:25:40 #1 store] 
Database 'C:\Users\Mikel\git\BetCompleted22\src\main\resources\bets.temp' has been recovered (tr. 49-59)

[2022-09-30 18:25:40 #2 store] 
Database 'C:\Users\Mikel\git\BetCompleted22\src\main\resources\bets.temp' is opened by 16124@DESKTOP-0ERA6U6

[2022-09-30 18:25:40 #3 type] 
Type domain.Team is not enhanced.

[2022-09-30 18:25:40 #4 type] 
Type domain.Event is not enhanced.

[2022-09-30 18:25:40 #5 type] 
Type domain.User is not enhanced.

[2022-09-30 18:25:40 #6 type] 
Type domain.Registered is not enhanced.

[2022-09-30 18:25:40 #7 type] 
Type domain.Sport is not enhanced.

[2022-09-30 18:25:40 #8 type] 
Type domain.Question is not enhanced.

[2022-09-30 18:25:40 #9 type] 
Type domain.Elkarrizketa is not enhanced.

[2022-09-30 18:25:40 #10 type] 
Type domain.Message is not enhanced.

[2022-09-30 18:25:40 #11 type] 
Type domain.KirolEstatistikak is not enhanced.

[2022-09-30 18:25:40 #12 type] 
Type domain.Jarraitzailea is not enhanced.

[2022-09-30 18:25:40 #13 type] 
Type domain.ApustuAnitza is not enhanced.

[2022-09-30 18:25:40 #14 type] 
Type domain.Transaction is not enhanced.

[2022-09-30 18:25:40 #15 type] 
Type domain.Quote is not enhanced.

[2022-09-30 18:25:40 #16 type] 
Type domain.Apustua is not enhanced.

[2022-09-30 18:25:40 #17 type] 
Type domain.Admin is not enhanced.

------------------------------------------------------------------------------------------------------------------------

[2022-09-30 18:26:13 #1 store] 
Database 'C:\Users\Mikel\git\BetCompleted22\src\main\resources\bets.temp' has been recovered (tr. 60-70)

[2022-09-30 18:26:13 #2 store] 
Database 'C:\Users\Mikel\git\BetCompleted22\src\main\resources\bets.temp' is opened by 21612@DESKTOP-0ERA6U6

[2022-09-30 18:26:13 #3 type] 
Type domain.Team is not enhanced.

[2022-09-30 18:26:13 #4 type] 
Type domain.Event is not enhanced.

[2022-09-30 18:26:13 #5 type] 
Type domain.User is not enhanced.

[2022-09-30 18:26:13 #6 type] 
Type domain.Registered is not enhanced.

[2022-09-30 18:26:13 #7 type] 
Type domain.Sport is not enhanced.

[2022-09-30 18:26:13 #8 type] 
Type domain.Question is not enhanced.

[2022-09-30 18:26:13 #9 type] 
Type domain.Elkarrizketa is not enhanced.

[2022-09-30 18:26:13 #10 type] 
Type domain.Message is not enhanced.

[2022-09-30 18:26:13 #11 type] 
Type domain.KirolEstatistikak is not enhanced.

[2022-09-30 18:26:13 #12 type] 
Type domain.Jarraitzailea is not enhanced.

[2022-09-30 18:26:13 #13 type] 
Type domain.ApustuAnitza is not enhanced.

[2022-09-30 18:26:13 #14 type] 
Type domain.Transaction is not enhanced.

[2022-09-30 18:26:13 #15 type] 
Type domain.Quote is not enhanced.

[2022-09-30 18:26:13 #16 type] 
Type domain.Apustua is not enhanced.

[2022-09-30 18:26:13 #17 type] 
Type domain.Admin is not enhanced.

------------------------------------------------------------------------------------------------------------------------

[2022-09-30 18:26:34 #1 store] 
Database 'C:\Users\Mikel\git\BetCompleted22\src\main\resources\bets.temp' has been recovered (tr. 71-81)

[2022-09-30 18:26:34 #2 store] 
Database 'C:\Users\Mikel\git\BetCompleted22\src\main\resources\bets.temp' is opened by 20116@DESKTOP-0ERA6U6

[2022-09-30 18:26:34 #3 type] 
Type domain.Team is not enhanced.

[2022-09-30 18:26:34 #4 type] 
Type domain.Event is not enhanced.

[2022-09-30 18:26:34 #5 type] 
Type domain.User is not enhanced.

[2022-09-30 18:26:34 #6 type] 
Type domain.Registered is not enhanced.

[2022-09-30 18:26:34 #7 type] 
Type domain.Sport is not enhanced.

[2022-09-30 18:26:34 #8 type] 
Type domain.Question is not enhanced.

[2022-09-30 18:26:34 #9 type] 
Type domain.Elkarrizketa is not enhanced.

[2022-09-30 18:26:34 #10 type] 
Type domain.Message is not enhanced.

[2022-09-30 18:26:34 #11 type] 
Type domain.KirolEstatistikak is not enhanced.

[2022-09-30 18:26:34 #12 type] 
Type domain.Jarraitzailea is not enhanced.

[2022-09-30 18:26:34 #13 type] 
Type domain.ApustuAnitza is not enhanced.

[2022-09-30 18:26:34 #14 type] 
Type domain.Transaction is not enhanced.

[2022-09-30 18:26:34 #15 type] 
Type domain.Quote is not enhanced.

[2022-09-30 18:26:34 #16 type] 
Type domain.Apustua is not enhanced.

[2022-09-30 18:26:34 #17 type] 
Type domain.Admin is not enhanced.

------------------------------------------------------------------------------------------------------------------------

[2022-09-30 18:27:03 #1 store] 
Database 'C:\Users\Mikel\git\BetCompleted22\src\main\resources\bets.temp' has been recovered (tr. 82-92)

[2022-09-30 18:27:03 #2 store] 
Database 'C:\Users\Mikel\git\BetCompleted22\src\main\resources\bets.temp' is opened by 11064@DESKTOP-0ERA6U6

[2022-09-30 18:27:03 #3 type] 
Type domain.Team is not enhanced.

[2022-09-30 18:27:03 #4 type] 
Type domain.Event is not enhanced.

[2022-09-30 18:27:03 #5 type] 
Type domain.User is not enhanced.

[2022-09-30 18:27:03 #6 type] 
Type domain.Registered is not enhanced.

[2022-09-30 18:27:03 #7 type] 
Type domain.Sport is not enhanced.

[2022-09-30 18:27:03 #8 type] 
Type domain.Question is not enhanced.

[2022-09-30 18:27:03 #9 type] 
Type domain.Elkarrizketa is not enhanced.

[2022-09-30 18:27:03 #10 type] 
Type domain.Message is not enhanced.

[2022-09-30 18:27:03 #11 type] 
Type domain.KirolEstatistikak is not enhanced.

[2022-09-30 18:27:03 #12 type] 
Type domain.Jarraitzailea is not enhanced.

[2022-09-30 18:27:03 #13 type] 
Type domain.ApustuAnitza is not enhanced.

[2022-09-30 18:27:03 #14 type] 
Type domain.Transaction is not enhanced.

[2022-09-30 18:27:03 #15 type] 
Type domain.Quote is not enhanced.

[2022-09-30 18:27:03 #16 type] 
Type domain.Apustua is not enhanced.

[2022-09-30 18:27:03 #17 type] 
Type domain.Admin is not enhanced.

------------------------------------------------------------------------------------------------------------------------

[2022-09-30 19:34:26 #1 store] 
Database 'C:\Users\Mikel\git\BetCompleted22\src\main\resources\bets.temp' has been recovered (tr. 93-103)

[2022-09-30 19:34:26 #2 store] 
Database 'C:\Users\Mikel\git\BetCompleted22\src\main\resources\bets.temp' is opened by 9520@DESKTOP-0ERA6U6

[2022-09-30 19:43:47 #3 store] 
Database 'C:\Users\Mikel\git\BetCompleted22\src\main\resources\bets.temp' is closed by 9520@DESKTOP-0ERA6U6

------------------------------------------------------------------------------------------------------------------------

[2022-09-30 23:13:01 #1 store] 
Database 'C:\Users\Mikel\git\BetCompleted22\src\main\resources\bets.temp' is opened by 2144@DESKTOP-0ERA6U6

[2022-09-30 23:13:01 #2 type] 
Type domain.Team is not enhanced.

[2022-09-30 23:13:01 #3 type] 
Type domain.Event is not enhanced.

[2022-09-30 23:13:01 #4 type] 
Type domain.User is not enhanced.

[2022-09-30 23:13:01 #5 type] 
Type domain.Registered is not enhanced.

[2022-09-30 23:13:01 #6 type] 
Type domain.Sport is not enhanced.

[2022-09-30 23:13:01 #7 type] 
Type domain.Question is not enhanced.

[2022-09-30 23:13:01 #8 type] 
Type domain.Elkarrizketa is not enhanced.

[2022-09-30 23:13:01 #9 type] 
Type domain.Message is not enhanced.

[2022-09-30 23:13:01 #10 type] 
Type domain.KirolEstatistikak is not enhanced.

[2022-09-30 23:13:01 #11 type] 
Type domain.Jarraitzailea is not enhanced.

[2022-09-30 23:13:01 #12 type] 
Type domain.ApustuAnitza is not enhanced.

[2022-09-30 23:13:01 #13 type] 
Type domain.Transaction is not enhanced.

[2022-09-30 23:13:01 #14 type] 
Type domain.Quote is not enhanced.

[2022-09-30 23:13:01 #15 type] 
Type domain.Apustua is not enhanced.

[2022-09-30 23:13:01 #16 type] 
Type domain.Admin is not enhanced.

------------------------------------------------------------------------------------------------------------------------

[2022-09-30 23:13:12 #1 store] 
Database 'C:\Users\Mikel\git\BetCompleted22\src\main\resources\bets.temp' has been recovered (tr. 104-120)

[2022-09-30 23:13:12 #2 store] 
Database 'C:\Users\Mikel\git\BetCompleted22\src\main\resources\bets.temp' is opened by 7684@DESKTOP-0ERA6U6

[2022-09-30 23:17:42 #3 store] 
Database 'C:\Users\Mikel\git\BetCompleted22\src\main\resources\bets.temp' is closed by 7684@DESKTOP-0ERA6U6

------------------------------------------------------------------------------------------------------------------------

[2022-09-30 23:17:46 #1 store] 
Database 'C:\Users\Mikel\git\BetCompleted22\src\main\resources\bets.temp' is opened by 14972@DESKTOP-0ERA6U6

[2022-09-30 23:17:46 #2 type] 
Type domain.Team is not enhanced.

[2022-09-30 23:17:46 #3 type] 
Type domain.Event is not enhanced.

[2022-09-30 23:17:46 #4 type] 
Type domain.User is not enhanced.

[2022-09-30 23:17:46 #5 type] 
Type domain.Registered is not enhanced.

[2022-09-30 23:17:46 #6 type] 
Type domain.Sport is not enhanced.

[2022-09-30 23:17:46 #7 type] 
Type domain.Question is not enhanced.

[2022-09-30 23:17:46 #8 type] 
Type domain.Elkarrizketa is not enhanced.

[2022-09-30 23:17:46 #9 type] 
Type domain.Message is not enhanced.

[2022-09-30 23:17:46 #10 type] 
Type domain.KirolEstatistikak is not enhanced.

[2022-09-30 23:17:46 #11 type] 
Type domain.Jarraitzailea is not enhanced.

[2022-09-30 23:17:46 #12 type] 
Type domain.ApustuAnitza is not enhanced.

[2022-09-30 23:17:46 #13 type] 
Type domain.Transaction is not enhanced.

[2022-09-30 23:17:46 #14 type] 
Type domain.Quote is not enhanced.

[2022-09-30 23:17:46 #15 type] 
Type domain.Apustua is not enhanced.

[2022-09-30 23:17:46 #16 type] 
Type domain.Admin is not enhanced.

------------------------------------------------------------------------------------------------------------------------

[2022-09-30 23:18:27 #1 store] 
Database 'C:\Users\Mikel\git\BetCompleted22\src\main\resources\bets.temp' has been recovered (tr. 121-140)

[2022-09-30 23:18:27 #2 store] 
Database 'C:\Users\Mikel\git\BetCompleted22\src\main\resources\bets.temp' is opened by 10204@DESKTOP-0ERA6U6

[2022-09-30 23:18:27 #3 type] 
Type domain.Team is not enhanced.

[2022-09-30 23:18:27 #4 type] 
Type domain.Event is not enhanced.

[2022-09-30 23:18:27 #5 type] 
Type domain.User is not enhanced.

[2022-09-30 23:18:27 #6 type] 
Type domain.Registered is not enhanced.

[2022-09-30 23:18:27 #7 type] 
Type domain.Sport is not enhanced.

[2022-09-30 23:18:27 #8 type] 
Type domain.Question is not enhanced.

[2022-09-30 23:18:27 #9 type] 
Type domain.Elkarrizketa is not enhanced.

[2022-09-30 23:18:27 #10 type] 
Type domain.Message is not enhanced.

[2022-09-30 23:18:27 #11 type] 
Type domain.KirolEstatistikak is not enhanced.

[2022-09-30 23:18:27 #12 type] 
Type domain.Jarraitzailea is not enhanced.

[2022-09-30 23:18:27 #13 type] 
Type domain.ApustuAnitza is not enhanced.

[2022-09-30 23:18:27 #14 type] 
Type domain.Transaction is not enhanced.

[2022-09-30 23:18:27 #15 type] 
Type domain.Quote is not enhanced.

[2022-09-30 23:18:27 #16 type] 
Type domain.Apustua is not enhanced.

[2022-09-30 23:18:27 #17 type] 
Type domain.Admin is not enhanced.

------------------------------------------------------------------------------------------------------------------------

[2022-09-30 23:23:43 #1 store] 
Database 'C:\Users\Mikel\git\BetCompleted22\src\main\resources\bets.temp' has been recovered (tr. 141-160)

[2022-09-30 23:23:43 #2 store] 
Database 'C:\Users\Mikel\git\BetCompleted22\src\main\resources\bets.temp' is opened by 21564@DESKTOP-0ERA6U6

[2022-09-30 23:23:43 #3 type] 
Type domain.Team is not enhanced.

[2022-09-30 23:23:43 #4 type] 
Type domain.Event is not enhanced.

[2022-09-30 23:23:43 #5 type] 
Type domain.User is not enhanced.

[2022-09-30 23:23:43 #6 type] 
Type domain.Registered is not enhanced.

[2022-09-30 23:23:43 #7 type] 
Type domain.Sport is not enhanced.

[2022-09-30 23:23:43 #8 type] 
Type domain.Question is not enhanced.

[2022-09-30 23:23:43 #9 type] 
Type domain.Elkarrizketa is not enhanced.

[2022-09-30 23:23:43 #10 type] 
Type domain.Message is not enhanced.

[2022-09-30 23:23:43 #11 type] 
Type domain.KirolEstatistikak is not enhanced.

[2022-09-30 23:23:43 #12 type] 
Type domain.Jarraitzailea is not enhanced.

[2022-09-30 23:23:43 #13 type] 
Type domain.ApustuAnitza is not enhanced.

[2022-09-30 23:23:43 #14 type] 
Type domain.Transaction is not enhanced.

[2022-09-30 23:23:43 #15 type] 
Type domain.Quote is not enhanced.

[2022-09-30 23:23:43 #16 type] 
Type domain.Apustua is not enhanced.

[2022-09-30 23:23:43 #17 type] 
Type domain.Admin is not enhanced.

------------------------------------------------------------------------------------------------------------------------

[2022-09-30 23:26:13 #1 store] 
Database 'C:\Users\Mikel\git\BetCompleted22\src\main\resources\bets.temp' has been recovered (tr. 161-180)

[2022-09-30 23:26:13 #2 store] 
Database 'C:\Users\Mikel\git\BetCompleted22\src\main\resources\bets.temp' is opened by 10460@DESKTOP-0ERA6U6

[2022-09-30 23:26:13 #3 type] 
Type domain.Team is not enhanced.

[2022-09-30 23:26:13 #4 type] 
Type domain.Event is not enhanced.

[2022-09-30 23:26:13 #5 type] 
Type domain.User is not enhanced.

[2022-09-30 23:26:13 #6 type] 
Type domain.Registered is not enhanced.

[2022-09-30 23:26:13 #7 type] 
Type domain.Sport is not enhanced.

[2022-09-30 23:26:13 #8 type] 
Type domain.Question is not enhanced.

[2022-09-30 23:26:13 #9 type] 
Type domain.Elkarrizketa is not enhanced.

[2022-09-30 23:26:13 #10 type] 
Type domain.Message is not enhanced.

[2022-09-30 23:26:13 #11 type] 
Type domain.KirolEstatistikak is not enhanced.

[2022-09-30 23:26:13 #12 type] 
Type domain.Jarraitzailea is not enhanced.

[2022-09-30 23:26:13 #13 type] 
Type domain.ApustuAnitza is not enhanced.

[2022-09-30 23:26:13 #14 type] 
Type domain.Transaction is not enhanced.

[2022-09-30 23:26:13 #15 type] 
Type domain.Quote is not enhanced.

[2022-09-30 23:26:13 #16 type] 
Type domain.Apustua is not enhanced.

[2022-09-30 23:26:13 #17 type] 
Type domain.Admin is not enhanced.

------------------------------------------------------------------------------------------------------------------------

[2022-09-30 23:26:58 #1 store] 
Database 'C:\Users\Mikel\git\BetCompleted22\src\main\resources\bets.temp' has been recovered (tr. 181-200)

[2022-09-30 23:26:58 #2 store] 
Database 'C:\Users\Mikel\git\BetCompleted22\src\main\resources\bets.temp' is opened by 14928@DESKTOP-0ERA6U6

[2022-09-30 23:26:58 #3 type] 
Type domain.Team is not enhanced.

[2022-09-30 23:26:58 #4 type] 
Type domain.Event is not enhanced.

[2022-09-30 23:26:58 #5 type] 
Type domain.User is not enhanced.

[2022-09-30 23:26:58 #6 type] 
Type domain.Registered is not enhanced.

[2022-09-30 23:26:58 #7 type] 
Type domain.Sport is not enhanced.

[2022-09-30 23:26:58 #8 type] 
Type domain.Question is not enhanced.

[2022-09-30 23:26:58 #9 type] 
Type domain.Elkarrizketa is not enhanced.

[2022-09-30 23:26:58 #10 type] 
Type domain.Message is not enhanced.

[2022-09-30 23:26:58 #11 type] 
Type domain.KirolEstatistikak is not enhanced.

[2022-09-30 23:26:58 #12 type] 
Type domain.Jarraitzailea is not enhanced.

[2022-09-30 23:26:58 #13 type] 
Type domain.ApustuAnitza is not enhanced.

[2022-09-30 23:26:58 #14 type] 
Type domain.Transaction is not enhanced.

[2022-09-30 23:26:58 #15 type] 
Type domain.Quote is not enhanced.

[2022-09-30 23:26:58 #16 type] 
Type domain.Apustua is not enhanced.

[2022-09-30 23:26:58 #17 type] 
Type domain.Admin is not enhanced.

------------------------------------------------------------------------------------------------------------------------

[2022-09-30 23:28:57 #1 store] 
Database 'C:\Users\Mikel\git\BetCompleted22\src\main\resources\bets.temp' has been recovered (tr. 201-220)

[2022-09-30 23:28:57 #2 store] 
Database 'C:\Users\Mikel\git\BetCompleted22\src\main\resources\bets.temp' is opened by 17340@DESKTOP-0ERA6U6

[2022-09-30 23:28:57 #3 type] 
Type domain.Team is not enhanced.

[2022-09-30 23:28:57 #4 type] 
Type domain.Event is not enhanced.

[2022-09-30 23:28:57 #5 type] 
Type domain.User is not enhanced.

[2022-09-30 23:28:57 #6 type] 
Type domain.Registered is not enhanced.

[2022-09-30 23:28:57 #7 type] 
Type domain.Sport is not enhanced.

[2022-09-30 23:28:57 #8 type] 
Type domain.Question is not enhanced.

[2022-09-30 23:28:57 #9 type] 
Type domain.Elkarrizketa is not enhanced.

[2022-09-30 23:28:57 #10 type] 
Type domain.Message is not enhanced.

[2022-09-30 23:28:57 #11 type] 
Type domain.KirolEstatistikak is not enhanced.

[2022-09-30 23:28:57 #12 type] 
Type domain.Jarraitzailea is not enhanced.

[2022-09-30 23:28:57 #13 type] 
Type domain.ApustuAnitza is not enhanced.

[2022-09-30 23:28:57 #14 type] 
Type domain.Transaction is not enhanced.

[2022-09-30 23:28:57 #15 type] 
Type domain.Quote is not enhanced.

[2022-09-30 23:28:57 #16 type] 
Type domain.Apustua is not enhanced.

[2022-09-30 23:28:57 #17 type] 
Type domain.Admin is not enhanced.

------------------------------------------------------------------------------------------------------------------------

[2022-09-30 23:29:47 #1 store] 
Database 'C:\Users\Mikel\git\BetCompleted22\src\main\resources\bets.temp' has been recovered (tr. 221-240)

[2022-09-30 23:29:47 #2 store] 
Database 'C:\Users\Mikel\git\BetCompleted22\src\main\resources\bets.temp' is opened by 5548@DESKTOP-0ERA6U6

[2022-09-30 23:29:47 #3 type] 
Type domain.Team is not enhanced.

[2022-09-30 23:29:47 #4 type] 
Type domain.Event is not enhanced.

[2022-09-30 23:29:47 #5 type] 
Type domain.User is not enhanced.

[2022-09-30 23:29:47 #6 type] 
Type domain.Registered is not enhanced.

[2022-09-30 23:29:47 #7 type] 
Type domain.Sport is not enhanced.

[2022-09-30 23:29:47 #8 type] 
Type domain.Question is not enhanced.

[2022-09-30 23:29:47 #9 type] 
Type domain.Elkarrizketa is not enhanced.

[2022-09-30 23:29:47 #10 type] 
Type domain.Message is not enhanced.

[2022-09-30 23:29:47 #11 type] 
Type domain.KirolEstatistikak is not enhanced.

[2022-09-30 23:29:47 #12 type] 
Type domain.Jarraitzailea is not enhanced.

[2022-09-30 23:29:47 #13 type] 
Type domain.ApustuAnitza is not enhanced.

[2022-09-30 23:29:47 #14 type] 
Type domain.Transaction is not enhanced.

[2022-09-30 23:29:47 #15 type] 
Type domain.Quote is not enhanced.

[2022-09-30 23:29:47 #16 type] 
Type domain.Apustua is not enhanced.

[2022-09-30 23:29:47 #17 type] 
Type domain.Admin is not enhanced.

------------------------------------------------------------------------------------------------------------------------

[2022-09-30 23:31:09 #1 store] 
Database 'C:\Users\Mikel\git\BetCompleted22\src\main\resources\bets.temp' has been recovered (tr. 241-260)

[2022-09-30 23:31:09 #2 store] 
Database 'C:\Users\Mikel\git\BetCompleted22\src\main\resources\bets.temp' is opened by 15948@DESKTOP-0ERA6U6

[2022-09-30 23:31:09 #3 type] 
Type domain.Team is not enhanced.

[2022-09-30 23:31:09 #4 type] 
Type domain.Event is not enhanced.

[2022-09-30 23:31:09 #5 type] 
Type domain.User is not enhanced.

[2022-09-30 23:31:09 #6 type] 
Type domain.Registered is not enhanced.

[2022-09-30 23:31:09 #7 type] 
Type domain.Sport is not enhanced.

[2022-09-30 23:31:09 #8 type] 
Type domain.Question is not enhanced.

[2022-09-30 23:31:09 #9 type] 
Type domain.Elkarrizketa is not enhanced.

[2022-09-30 23:31:09 #10 type] 
Type domain.Message is not enhanced.

[2022-09-30 23:31:09 #11 type] 
Type domain.KirolEstatistikak is not enhanced.

[2022-09-30 23:31:09 #12 type] 
Type domain.Jarraitzailea is not enhanced.

[2022-09-30 23:31:09 #13 type] 
Type domain.ApustuAnitza is not enhanced.

[2022-09-30 23:31:09 #14 type] 
Type domain.Transaction is not enhanced.

[2022-09-30 23:31:09 #15 type] 
Type domain.Quote is not enhanced.

[2022-09-30 23:31:09 #16 type] 
Type domain.Apustua is not enhanced.

[2022-09-30 23:31:09 #17 type] 
Type domain.Admin is not enhanced.

------------------------------------------------------------------------------------------------------------------------

[2022-09-30 23:32:02 #1 store] 
Database 'C:\Users\Mikel\git\BetCompleted22\src\main\resources\bets.temp' has been recovered (tr. 261-280)

[2022-09-30 23:32:02 #2 store] 
Database 'C:\Users\Mikel\git\BetCompleted22\src\main\resources\bets.temp' is opened by 13356@DESKTOP-0ERA6U6

[2022-09-30 23:32:03 #3 type] 
Type domain.Team is not enhanced.

[2022-09-30 23:32:03 #4 type] 
Type domain.Event is not enhanced.

[2022-09-30 23:32:03 #5 type] 
Type domain.User is not enhanced.

[2022-09-30 23:32:03 #6 type] 
Type domain.Registered is not enhanced.

[2022-09-30 23:32:03 #7 type] 
Type domain.Sport is not enhanced.

[2022-09-30 23:32:03 #8 type] 
Type domain.Question is not enhanced.

[2022-09-30 23:32:03 #9 type] 
Type domain.Elkarrizketa is not enhanced.

[2022-09-30 23:32:03 #10 type] 
Type domain.Message is not enhanced.

[2022-09-30 23:32:03 #11 type] 
Type domain.KirolEstatistikak is not enhanced.

[2022-09-30 23:32:03 #12 type] 
Type domain.Jarraitzailea is not enhanced.

[2022-09-30 23:32:03 #13 type] 
Type domain.ApustuAnitza is not enhanced.

[2022-09-30 23:32:03 #14 type] 
Type domain.Transaction is not enhanced.

[2022-09-30 23:32:03 #15 type] 
Type domain.Quote is not enhanced.

[2022-09-30 23:32:03 #16 type] 
Type domain.Apustua is not enhanced.

[2022-09-30 23:32:03 #17 type] 
Type domain.Admin is not enhanced.

------------------------------------------------------------------------------------------------------------------------

[2022-09-30 23:32:57 #1 store] 
Database 'C:\Users\Mikel\git\BetCompleted22\src\main\resources\bets.temp' has been recovered (tr. 281-300)

[2022-09-30 23:32:57 #2 store] 
Database 'C:\Users\Mikel\git\BetCompleted22\src\main\resources\bets.temp' is opened by 1484@DESKTOP-0ERA6U6

[2022-09-30 23:32:57 #3 type] 
Type domain.Team is not enhanced.

[2022-09-30 23:32:57 #4 type] 
Type domain.Event is not enhanced.

[2022-09-30 23:32:57 #5 type] 
Type domain.User is not enhanced.

[2022-09-30 23:32:57 #6 type] 
Type domain.Registered is not enhanced.

[2022-09-30 23:32:57 #7 type] 
Type domain.Sport is not enhanced.

[2022-09-30 23:32:57 #8 type] 
Type domain.Question is not enhanced.

[2022-09-30 23:32:57 #9 type] 
Type domain.Elkarrizketa is not enhanced.

[2022-09-30 23:32:57 #10 type] 
Type domain.Message is not enhanced.

[2022-09-30 23:32:57 #11 type] 
Type domain.KirolEstatistikak is not enhanced.

[2022-09-30 23:32:57 #12 type] 
Type domain.Jarraitzailea is not enhanced.

[2022-09-30 23:32:57 #13 type] 
Type domain.ApustuAnitza is not enhanced.

[2022-09-30 23:32:57 #14 type] 
Type domain.Transaction is not enhanced.

[2022-09-30 23:32:57 #15 type] 
Type domain.Quote is not enhanced.

[2022-09-30 23:32:57 #16 type] 
Type domain.Apustua is not enhanced.

[2022-09-30 23:32:57 #17 type] 
Type domain.Admin is not enhanced.

------------------------------------------------------------------------------------------------------------------------

[2022-09-30 23:34:45 #1 store] 
Database 'C:\Users\Mikel\git\BetCompleted22\src\main\resources\bets.temp' has been recovered (tr. 301-320)

[2022-09-30 23:34:45 #2 store] 
Database 'C:\Users\Mikel\git\BetCompleted22\src\main\resources\bets.temp' is opened by 7792@DESKTOP-0ERA6U6

[2022-09-30 23:34:45 #3 type] 
Type domain.Team is not enhanced.

[2022-09-30 23:34:45 #4 type] 
Type domain.Event is not enhanced.

[2022-09-30 23:34:45 #5 type] 
Type domain.User is not enhanced.

[2022-09-30 23:34:45 #6 type] 
Type domain.Registered is not enhanced.

[2022-09-30 23:34:45 #7 type] 
Type domain.Sport is not enhanced.

[2022-09-30 23:34:45 #8 type] 
Type domain.Question is not enhanced.

[2022-09-30 23:34:45 #9 type] 
Type domain.Elkarrizketa is not enhanced.

[2022-09-30 23:34:45 #10 type] 
Type domain.Message is not enhanced.

[2022-09-30 23:34:45 #11 type] 
Type domain.KirolEstatistikak is not enhanced.

[2022-09-30 23:34:45 #12 type] 
Type domain.Jarraitzailea is not enhanced.

[2022-09-30 23:34:45 #13 type] 
Type domain.ApustuAnitza is not enhanced.

[2022-09-30 23:34:45 #14 type] 
Type domain.Transaction is not enhanced.

[2022-09-30 23:34:45 #15 type] 
Type domain.Quote is not enhanced.

[2022-09-30 23:34:45 #16 type] 
Type domain.Apustua is not enhanced.

[2022-09-30 23:34:45 #17 type] 
Type domain.Admin is not enhanced.

------------------------------------------------------------------------------------------------------------------------

[2022-09-30 23:35:01 #1 store] 
Database 'C:\Users\Mikel\git\BetCompleted22\src\main\resources\bets.temp' has been recovered (tr. 321-341)

[2022-09-30 23:35:01 #2 store] 
Database 'C:\Users\Mikel\git\BetCompleted22\src\main\resources\bets.temp' is opened by 1968@DESKTOP-0ERA6U6

[2022-09-30 23:35:01 #3 type] 
Type domain.Team is not enhanced.

[2022-09-30 23:35:01 #4 type] 
Type domain.Event is not enhanced.

[2022-09-30 23:35:01 #5 type] 
Type domain.User is not enhanced.

[2022-09-30 23:35:01 #6 type] 
Type domain.Registered is not enhanced.

[2022-09-30 23:35:01 #7 type] 
Type domain.Sport is not enhanced.

[2022-09-30 23:35:01 #8 type] 
Type domain.Question is not enhanced.

[2022-09-30 23:35:01 #9 type] 
Type domain.Elkarrizketa is not enhanced.

[2022-09-30 23:35:01 #10 type] 
Type domain.Message is not enhanced.

[2022-09-30 23:35:01 #11 type] 
Type domain.KirolEstatistikak is not enhanced.

[2022-09-30 23:35:01 #12 type] 
Type domain.Jarraitzailea is not enhanced.

[2022-09-30 23:35:01 #13 type] 
Type domain.ApustuAnitza is not enhanced.

[2022-09-30 23:35:01 #14 type] 
Type domain.Transaction is not enhanced.

[2022-09-30 23:35:01 #15 type] 
Type domain.Quote is not enhanced.

[2022-09-30 23:35:01 #16 type] 
Type domain.Apustua is not enhanced.

[2022-09-30 23:35:01 #17 type] 
Type domain.Admin is not enhanced.

------------------------------------------------------------------------------------------------------------------------

[2022-09-30 23:35:18 #1 store] 
Database 'C:\Users\Mikel\git\BetCompleted22\src\main\resources\bets.temp' is opened by 19796@DESKTOP-0ERA6U6

[2022-09-30 23:36:53 #2 store] 
Database 'C:\Users\Mikel\git\BetCompleted22\src\main\resources\bets.temp' is closed by 19796@DESKTOP-0ERA6U6

------------------------------------------------------------------------------------------------------------------------

[2022-09-30 23:36:59 #1 store] 
Database 'C:\Users\Mikel\git\BetCompleted22\src\main\resources\bets.temp' is opened by 1652@DESKTOP-0ERA6U6

[2022-09-30 23:36:59 #2 type] 
Type domain.Team is not enhanced.

[2022-09-30 23:36:59 #3 type] 
Type domain.Event is not enhanced.

[2022-09-30 23:36:59 #4 type] 
Type domain.User is not enhanced.

[2022-09-30 23:36:59 #5 type] 
Type domain.Registered is not enhanced.

[2022-09-30 23:36:59 #6 type] 
Type domain.Sport is not enhanced.

[2022-09-30 23:36:59 #7 type] 
Type domain.Question is not enhanced.

[2022-09-30 23:36:59 #8 type] 
Type domain.Elkarrizketa is not enhanced.

[2022-09-30 23:36:59 #9 type] 
Type domain.Message is not enhanced.

[2022-09-30 23:36:59 #10 type] 
Type domain.KirolEstatistikak is not enhanced.

[2022-09-30 23:36:59 #11 type] 
Type domain.Jarraitzailea is not enhanced.

[2022-09-30 23:36:59 #12 type] 
Type domain.ApustuAnitza is not enhanced.

[2022-09-30 23:36:59 #13 type] 
Type domain.Transaction is not enhanced.

[2022-09-30 23:36:59 #14 type] 
Type domain.Quote is not enhanced.

[2022-09-30 23:36:59 #15 type] 
Type domain.Apustua is not enhanced.

[2022-09-30 23:36:59 #16 type] 
Type domain.Admin is not enhanced.

------------------------------------------------------------------------------------------------------------------------

[2022-09-30 23:37:22 #1 store] 
Database 'C:\Users\Mikel\git\BetCompleted22\src\main\resources\bets.temp' has been recovered (tr. 351-371)

[2022-09-30 23:37:22 #2 store] 
Database 'C:\Users\Mikel\git\BetCompleted22\src\main\resources\bets.temp' is opened by 17972@DESKTOP-0ERA6U6

[2022-09-30 23:39:12 #3 store] 
Database 'C:\Users\Mikel\git\BetCompleted22\src\main\resources\bets.temp' is closed by 17972@DESKTOP-0ERA6U6

------------------------------------------------------------------------------------------------------------------------

[2022-09-30 23:39:18 #1 store] 
Database 'C:\Users\Mikel\git\BetCompleted22\src\main\resources\bets.temp' is opened by 22192@DESKTOP-0ERA6U6

[2022-09-30 23:39:18 #2 type] 
Type domain.Team is not enhanced.

[2022-09-30 23:39:18 #3 type] 
Type domain.Event is not enhanced.

[2022-09-30 23:39:18 #4 type] 
Type domain.User is not enhanced.

[2022-09-30 23:39:18 #5 type] 
Type domain.Registered is not enhanced.

[2022-09-30 23:39:18 #6 type] 
Type domain.Sport is not enhanced.

[2022-09-30 23:39:18 #7 type] 
Type domain.Question is not enhanced.

[2022-09-30 23:39:18 #8 type] 
Type domain.Elkarrizketa is not enhanced.

[2022-09-30 23:39:18 #9 type] 
Type domain.Message is not enhanced.

[2022-09-30 23:39:18 #10 type] 
Type domain.KirolEstatistikak is not enhanced.

[2022-09-30 23:39:18 #11 type] 
Type domain.Jarraitzailea is not enhanced.

[2022-09-30 23:39:18 #12 type] 
Type domain.ApustuAnitza is not enhanced.

[2022-09-30 23:39:18 #13 type] 
Type domain.Transaction is not enhanced.

[2022-09-30 23:39:18 #14 type] 
Type domain.Quote is not enhanced.

[2022-09-30 23:39:18 #15 type] 
Type domain.Apustua is not enhanced.

[2022-09-30 23:39:18 #16 type] 
Type domain.Admin is not enhanced.

------------------------------------------------------------------------------------------------------------------------

[2022-09-30 23:39:37 #1 store] 
Database 'C:\Users\Mikel\git\BetCompleted22\src\main\resources\bets.temp' has been recovered (tr. 385-405)

[2022-09-30 23:39:37 #2 store] 
Database 'C:\Users\Mikel\git\BetCompleted22\src\main\resources\bets.temp' is opened by 2408@DESKTOP-0ERA6U6

[2022-09-30 23:40:46 #3 store] 
Database 'C:\Users\Mikel\git\BetCompleted22\src\main\resources\bets.temp' is closed by 2408@DESKTOP-0ERA6U6

------------------------------------------------------------------------------------------------------------------------

[2022-09-30 23:40:49 #1 store] 
Database 'C:\Users\Mikel\git\BetCompleted22\src\main\resources\bets.temp' is opened by 16516@DESKTOP-0ERA6U6

[2022-09-30 23:40:53 #2 store] 
Database 'C:\Users\Mikel\git\BetCompleted22\src\main\resources\bets.temp' is closed by 16516@DESKTOP-0ERA6U6

------------------------------------------------------------------------------------------------------------------------

[2022-09-30 23:41:52 #1 store] 
Database 'C:\Users\Mikel\git\BetCompleted22\src\main\resources\bets.temp' is opened by 7128@DESKTOP-0ERA6U6

[2022-09-30 23:41:52 #2 type] 
Type domain.Team is not enhanced.

[2022-09-30 23:41:52 #3 type] 
Type domain.Event is not enhanced.

[2022-09-30 23:41:52 #4 type] 
Type domain.User is not enhanced.

[2022-09-30 23:41:52 #5 type] 
Type domain.Registered is not enhanced.

[2022-09-30 23:41:52 #6 type] 
Type domain.Sport is not enhanced.

[2022-09-30 23:41:52 #7 type] 
Type domain.Question is not enhanced.

[2022-09-30 23:41:52 #8 type] 
Type domain.Elkarrizketa is not enhanced.

[2022-09-30 23:41:52 #9 type] 
Type domain.Message is not enhanced.

[2022-09-30 23:41:52 #10 type] 
Type domain.KirolEstatistikak is not enhanced.

[2022-09-30 23:41:52 #11 type] 
Type domain.Jarraitzailea is not enhanced.

[2022-09-30 23:41:52 #12 type] 
Type domain.ApustuAnitza is not enhanced.

[2022-09-30 23:41:52 #13 type] 
Type domain.Transaction is not enhanced.

[2022-09-30 23:41:52 #14 type] 
Type domain.Quote is not enhanced.

[2022-09-30 23:41:52 #15 type] 
Type domain.Apustua is not enhanced.

[2022-09-30 23:41:52 #16 type] 
Type domain.Admin is not enhanced.

------------------------------------------------------------------------------------------------------------------------

[2022-09-30 23:42:02 #1 store] 
Database 'C:\Users\Mikel\git\BetCompleted22\src\main\resources\bets.temp' has been recovered (tr. 417-438)

[2022-09-30 23:42:02 #2 store] 
Database 'C:\Users\Mikel\git\BetCompleted22\src\main\resources\bets.temp' is opened by 21656@DESKTOP-0ERA6U6

[2022-09-30 23:44:20 #3 store] 
Database 'C:\Users\Mikel\git\BetCompleted22\src\main\resources\bets.temp' is closed by 21656@DESKTOP-0ERA6U6

------------------------------------------------------------------------------------------------------------------------

[2022-09-30 23:44:26 #1 store] 
Database 'C:\Users\Mikel\git\BetCompleted22\src\main\resources\bets.temp' is opened by 6412@DESKTOP-0ERA6U6

[2022-09-30 23:44:26 #2 type] 
Type domain.Team is not enhanced.

[2022-09-30 23:44:26 #3 type] 
Type domain.Event is not enhanced.

[2022-09-30 23:44:26 #4 type] 
Type domain.User is not enhanced.

[2022-09-30 23:44:26 #5 type] 
Type domain.Registered is not enhanced.

[2022-09-30 23:44:26 #6 type] 
Type domain.Sport is not enhanced.

[2022-09-30 23:44:26 #7 type] 
Type domain.Question is not enhanced.

[2022-09-30 23:44:26 #8 type] 
Type domain.Elkarrizketa is not enhanced.

[2022-09-30 23:44:26 #9 type] 
Type domain.Message is not enhanced.

[2022-09-30 23:44:26 #10 type] 
Type domain.KirolEstatistikak is not enhanced.

[2022-09-30 23:44:26 #11 type] 
Type domain.Jarraitzailea is not enhanced.

[2022-09-30 23:44:26 #12 type] 
Type domain.ApustuAnitza is not enhanced.

[2022-09-30 23:44:26 #13 type] 
Type domain.Transaction is not enhanced.

[2022-09-30 23:44:26 #14 type] 
Type domain.Quote is not enhanced.

[2022-09-30 23:44:26 #15 type] 
Type domain.Apustua is not enhanced.

[2022-09-30 23:44:26 #16 type] 
Type domain.Admin is not enhanced.

------------------------------------------------------------------------------------------------------------------------

[2022-09-30 23:44:36 #1 store] 
Database 'C:\Users\Mikel\git\BetCompleted22\src\main\resources\bets.temp' has been recovered (tr. 449-471)

[2022-09-30 23:44:36 #2 store] 
Database 'C:\Users\Mikel\git\BetCompleted22\src\main\resources\bets.temp' is opened by 10868@DESKTOP-0ERA6U6

[2022-09-30 23:48:56 #3 store] 
Database 'C:\Users\Mikel\git\BetCompleted22\src\main\resources\bets.temp' is closed by 10868@DESKTOP-0ERA6U6

------------------------------------------------------------------------------------------------------------------------

[2022-09-30 23:49:03 #1 store] 
Database 'C:\Users\Mikel\git\BetCompleted22\src\main\resources\bets.temp' is opened by 10880@DESKTOP-0ERA6U6

[2022-09-30 23:49:03 #2 type] 
Type domain.Team is not enhanced.

[2022-09-30 23:49:03 #3 type] 
Type domain.Event is not enhanced.

[2022-09-30 23:49:03 #4 type] 
Type domain.User is not enhanced.

[2022-09-30 23:49:03 #5 type] 
Type domain.Registered is not enhanced.

[2022-09-30 23:49:03 #6 type] 
Type domain.Sport is not enhanced.

[2022-09-30 23:49:03 #7 type] 
Type domain.Question is not enhanced.

[2022-09-30 23:49:03 #8 type] 
Type domain.Elkarrizketa is not enhanced.

[2022-09-30 23:49:03 #9 type] 
Type domain.Message is not enhanced.

[2022-09-30 23:49:03 #10 type] 
Type domain.KirolEstatistikak is not enhanced.

[2022-09-30 23:49:03 #11 type] 
Type domain.Jarraitzailea is not enhanced.

[2022-09-30 23:49:03 #12 type] 
Type domain.ApustuAnitza is not enhanced.

[2022-09-30 23:49:03 #13 type] 
Type domain.Transaction is not enhanced.

[2022-09-30 23:49:03 #14 type] 
Type domain.Quote is not enhanced.

[2022-09-30 23:49:03 #15 type] 
Type domain.Apustua is not enhanced.

[2022-09-30 23:49:03 #16 type] 
Type domain.Admin is not enhanced.

------------------------------------------------------------------------------------------------------------------------

[2022-09-30 23:49:37 #1 store] 
Database 'C:\Users\Mikel\git\BetCompleted22\src\main\resources\bets.temp' has been recovered (tr. 480-480)

[2022-09-30 23:49:37 #2 store] 
Database 'C:\Users\Mikel\git\BetCompleted22\src\main\resources\bets.temp' is opened by 16828@DESKTOP-0ERA6U6

[2022-09-30 23:50:10 #3 store] 
Database 'C:\Users\Mikel\git\BetCompleted22\src\main\resources\bets.temp' is closed by 16828@DESKTOP-0ERA6U6

------------------------------------------------------------------------------------------------------------------------

[2022-09-30 23:50:16 #1 store] 
Database 'C:\Users\Mikel\git\BetCompleted22\src\main\resources\bets.temp' is opened by 16160@DESKTOP-0ERA6U6

[2022-09-30 23:50:16 #2 type] 
Type domain.Team is not enhanced.

[2022-09-30 23:50:16 #3 type] 
Type domain.Event is not enhanced.

[2022-09-30 23:50:16 #4 type] 
Type domain.User is not enhanced.

[2022-09-30 23:50:16 #5 type] 
Type domain.Registered is not enhanced.

[2022-09-30 23:50:16 #6 type] 
Type domain.Sport is not enhanced.

[2022-09-30 23:50:16 #7 type] 
Type domain.Question is not enhanced.

[2022-09-30 23:50:16 #8 type] 
Type domain.Elkarrizketa is not enhanced.

[2022-09-30 23:50:16 #9 type] 
Type domain.Message is not enhanced.

[2022-09-30 23:50:16 #10 type] 
Type domain.KirolEstatistikak is not enhanced.

[2022-09-30 23:50:16 #11 type] 
Type domain.Jarraitzailea is not enhanced.

[2022-09-30 23:50:16 #12 type] 
Type domain.ApustuAnitza is not enhanced.

[2022-09-30 23:50:16 #13 type] 
Type domain.Transaction is not enhanced.

[2022-09-30 23:50:16 #14 type] 
Type domain.Quote is not enhanced.

[2022-09-30 23:50:16 #15 type] 
Type domain.Apustua is not enhanced.

[2022-09-30 23:50:16 #16 type] 
Type domain.Admin is not enhanced.

------------------------------------------------------------------------------------------------------------------------

[2022-09-30 23:51:41 #1 store] 
Database 'C:\Users\Mikel\git\BetCompleted22\src\main\resources\bets.temp' has been recovered (tr. 483-506)

[2022-09-30 23:51:41 #2 store] 
Database 'C:\Users\Mikel\git\BetCompleted22\src\main\resources\bets.temp' is opened by 5320@DESKTOP-0ERA6U6

[2022-09-30 23:53:55 #3 store] 
Database 'C:\Users\Mikel\git\BetCompleted22\src\main\resources\bets.temp' is closed by 5320@DESKTOP-0ERA6U6

------------------------------------------------------------------------------------------------------------------------

[2022-09-30 23:54:45 #1 store] 
Database 'C:\Users\Mikel\git\BetCompleted22\src\main\resources\bets.temp' is opened by 22488@DESKTOP-0ERA6U6

[2022-09-30 23:54:45 #2 type] 
Type domain.Team is not enhanced.

[2022-09-30 23:54:45 #3 type] 
Type domain.Event is not enhanced.

[2022-09-30 23:54:45 #4 type] 
Type domain.User is not enhanced.

[2022-09-30 23:54:45 #5 type] 
Type domain.Registered is not enhanced.

[2022-09-30 23:54:45 #6 type] 
Type domain.Sport is not enhanced.

[2022-09-30 23:54:45 #7 type] 
Type domain.Question is not enhanced.

[2022-09-30 23:54:45 #8 type] 
Type domain.Elkarrizketa is not enhanced.

[2022-09-30 23:54:45 #9 type] 
Type domain.Message is not enhanced.

[2022-09-30 23:54:45 #10 type] 
Type domain.KirolEstatistikak is not enhanced.

[2022-09-30 23:54:45 #11 type] 
Type domain.Jarraitzailea is not enhanced.

[2022-09-30 23:54:45 #12 type] 
Type domain.ApustuAnitza is not enhanced.

[2022-09-30 23:54:45 #13 type] 
Type domain.Transaction is not enhanced.

[2022-09-30 23:54:45 #14 type] 
Type domain.Quote is not enhanced.

[2022-09-30 23:54:45 #15 type] 
Type domain.Apustua is not enhanced.

[2022-09-30 23:54:45 #16 type] 
Type domain.Admin is not enhanced.

------------------------------------------------------------------------------------------------------------------------

[2022-09-30 23:55:01 #1 store] 
Database 'C:\Users\Mikel\git\BetCompleted22\src\main\resources\bets.temp' has been recovered (tr. 513-535)

[2022-09-30 23:55:01 #2 store] 
Database 'C:\Users\Mikel\git\BetCompleted22\src\main\resources\bets.temp' is opened by 3628@DESKTOP-0ERA6U6

[2022-09-30 23:56:43 #3 store] 
Database 'C:\Users\Mikel\git\BetCompleted22\src\main\resources\bets.temp' is closed by 3628@DESKTOP-0ERA6U6

------------------------------------------------------------------------------------------------------------------------

[2022-09-30 23:58:05 #1 store] 
Database 'C:\Users\Mikel\git\BetCompleted22\src\main\resources\bets.temp' is opened by 18804@DESKTOP-0ERA6U6

[2022-09-30 23:58:10 #2 store] 
Database 'C:\Users\Mikel\git\BetCompleted22\src\main\resources\bets.temp' is closed by 18804@DESKTOP-0ERA6U6

------------------------------------------------------------------------------------------------------------------------

[2022-09-30 23:58:18 #1 store] 
Database 'C:\Users\Mikel\git\BetCompleted22\src\main\resources\bets.temp' is opened by 1884@DESKTOP-0ERA6U6

[2022-09-30 23:58:18 #2 type] 
Type domain.Team is not enhanced.

[2022-09-30 23:58:18 #3 type] 
Type domain.Event is not enhanced.

[2022-09-30 23:58:18 #4 type] 
Type domain.User is not enhanced.

[2022-09-30 23:58:18 #5 type] 
Type domain.Registered is not enhanced.

[2022-09-30 23:58:18 #6 type] 
Type domain.Sport is not enhanced.

[2022-09-30 23:58:18 #7 type] 
Type domain.Question is not enhanced.

[2022-09-30 23:58:18 #8 type] 
Type domain.Elkarrizketa is not enhanced.

[2022-09-30 23:58:18 #9 type] 
Type domain.Message is not enhanced.

[2022-09-30 23:58:18 #10 type] 
Type domain.KirolEstatistikak is not enhanced.

[2022-09-30 23:58:18 #11 type] 
Type domain.Jarraitzailea is not enhanced.

[2022-09-30 23:58:18 #12 type] 
Type domain.ApustuAnitza is not enhanced.

[2022-09-30 23:58:18 #13 type] 
Type domain.Transaction is not enhanced.

[2022-09-30 23:58:18 #14 type] 
Type domain.Quote is not enhanced.

[2022-09-30 23:58:18 #15 type] 
Type domain.Apustua is not enhanced.

[2022-09-30 23:58:18 #16 type] 
Type domain.Admin is not enhanced.

