------------------------------------------------------------------------------------------------------------------------

[2022-08-26 00:49:32 #1 store] 
Database 'C:\Users\Mikel\git\LaLiga\src\main\resources\bets.temp' has been recovered (tr. 1-78)

[2022-08-26 00:49:32 #2 store] 
Database 'C:\Users\Mikel\git\LaLiga\src\main\resources\bets.temp' is opened by 15024@DESKTOP-0ERA6U6

[2022-08-26 00:50:22 #3 store] 
Database 'C:\Users\Mikel\git\LaLiga\src\main\resources\bets.temp' is closed by 15024@DESKTOP-0ERA6U6

------------------------------------------------------------------------------------------------------------------------

[2022-08-26 15:29:52 #1 store] 
Database 'C:\Users\Mikel\git\LaLiga\src\main\resources\bets.temp' has been recovered (tr. 1-69)

[2022-08-26 15:29:53 #2 store] 
Database 'C:\Users\Mikel\git\LaLiga\src\main\resources\bets.temp' is opened by 18076@DESKTOP-0ERA6U6

[2022-08-26 15:30:59 #3 store] 
Database 'C:\Users\Mikel\git\LaLiga\src\main\resources\bets.temp' is closed by 18076@DESKTOP-0ERA6U6

------------------------------------------------------------------------------------------------------------------------

[2022-08-26 23:15:53 #1 store] 
Database 'C:\Users\Mikel\git\LaLiga\src\main\resources\bets.temp' has been recovered (tr. 1-68)

[2022-08-26 23:15:53 #2 store] 
Database 'C:\Users\Mikel\git\LaLiga\src\main\resources\bets.temp' is opened by 20964@DESKTOP-0ERA6U6

[2022-08-26 23:16:12 #3 store] 
Database 'C:\Users\Mikel\git\LaLiga\src\main\resources\bets.temp' is closed by 20964@DESKTOP-0ERA6U6

------------------------------------------------------------------------------------------------------------------------

[2022-08-26 23:25:15 #1 store] 
Database 'C:\Users\Mikel\git\LaLiga\src\main\resources\bets.temp' has been recovered (tr. 1-68)

[2022-08-26 23:25:15 #2 store] 
Database 'C:\Users\Mikel\git\LaLiga\src\main\resources\bets.temp' is opened by 18348@DESKTOP-0ERA6U6

[2022-08-26 23:25:26 #3 store] 
Database 'C:\Users\Mikel\git\LaLiga\src\main\resources\bets.temp' is closed by 18348@DESKTOP-0ERA6U6

------------------------------------------------------------------------------------------------------------------------

[2022-08-26 23:35:15 #1 store] 
Database 'C:\Users\Mikel\git\LaLiga\src\main\resources\bets.temp' has been recovered (tr. 1-69)

[2022-08-26 23:35:15 #2 store] 
Database 'C:\Users\Mikel\git\LaLiga\src\main\resources\bets.temp' is opened by 9672@DESKTOP-0ERA6U6

[2022-08-26 23:35:43 #3 store] 
Database 'C:\Users\Mikel\git\LaLiga\src\main\resources\bets.temp' is closed by 9672@DESKTOP-0ERA6U6

