------------------------------------------------------------------------------------------------------------------------

[2022-09-19 22:29:22 #1 store] 
Database 'C:\Users\Mikel\git\BetCompleted22\src\main\resources\bets.temp' is opened by 16160@DESKTOP-0ERA6U6

[2022-09-19 22:29:22 #2 type.registry] 
New type domain.Team

[2022-09-19 22:29:22 #3 type] 
Type domain.Team is not enhanced.

[2022-09-19 22:29:22 #4 type.registry] 
New type domain.Event

[2022-09-19 22:29:22 #5 type.registry] 
New type java.util.Vector<domain.Event>

[2022-09-19 22:29:22 #6 type.registry] 
New type domain.User

[2022-09-19 22:29:22 #7 type.registry] 
New type domain.Registered

[2022-09-19 22:29:22 #8 type.registry] 
New type java.util.Vector<domain.Registered>

[2022-09-19 22:29:22 #9 type] 
Type domain.Event is not enhanced.

[2022-09-19 22:29:22 #10 type.registry] 
New type domain.Sport

[2022-09-19 22:29:22 #11 type.registry] 
New type domain.Question

[2022-09-19 22:29:22 #12 type.registry] 
New type java.util.Vector<domain.Question>

[2022-09-19 22:29:22 #13 type] 
Type domain.User is not enhanced.

[2022-09-19 22:29:22 #14 type.registry] 
New type domain.Elkarrizketa

[2022-09-19 22:29:22 #15 type.registry] 
New type java.util.Vector<domain.Elkarrizketa>

[2022-09-19 22:29:22 #16 type.registry] 
New type domain.Message

[2022-09-19 22:29:22 #17 type.registry] 
New type java.util.Vector<domain.Message>

[2022-09-19 22:29:22 #18 type] 
Type domain.Registered is not enhanced.

[2022-09-19 22:29:22 #19 type.registry] 
New type domain.KirolEstatistikak

[2022-09-19 22:29:22 #20 type.registry] 
New type java.util.Vector<domain.KirolEstatistikak>

[2022-09-19 22:29:22 #21 type.registry] 
New type domain.Jarraitzailea

[2022-09-19 22:29:22 #22 type.registry] 
New type java.util.Vector<domain.Jarraitzailea>

[2022-09-19 22:29:22 #23 type.registry] 
New type domain.ApustuAnitza

[2022-09-19 22:29:22 #24 type.registry] 
New type java.util.Vector<domain.ApustuAnitza>

[2022-09-19 22:29:22 #25 type.registry] 
New type domain.Transaction

[2022-09-19 22:29:22 #26 type.registry] 
New type java.util.Vector<domain.Transaction>

[2022-09-19 22:29:22 #27 type] 
Type domain.Sport is not enhanced.

[2022-09-19 22:29:22 #28 type] 
Type domain.Question is not enhanced.

[2022-09-19 22:29:22 #29 type.registry] 
New type domain.Quote

[2022-09-19 22:29:22 #30 type.registry] 
New type java.util.Vector<domain.Quote>

[2022-09-19 22:29:22 #31 type] 
Type domain.Elkarrizketa is not enhanced.

[2022-09-19 22:29:22 #32 type] 
Type domain.Message is not enhanced.

[2022-09-19 22:29:22 #33 type] 
Type domain.KirolEstatistikak is not enhanced.

[2022-09-19 22:29:22 #34 type] 
Type domain.Jarraitzailea is not enhanced.

[2022-09-19 22:29:22 #35 type] 
Type domain.ApustuAnitza is not enhanced.

[2022-09-19 22:29:22 #36 type.registry] 
New type domain.Apustua

[2022-09-19 22:29:22 #37 type.registry] 
New type java.util.Vector<domain.Apustua>

[2022-09-19 22:29:22 #38 type] 
Type domain.Transaction is not enhanced.

[2022-09-19 22:29:22 #39 type] 
Type domain.Quote is not enhanced.

[2022-09-19 22:29:22 #40 type] 
Type domain.Apustua is not enhanced.

[2022-09-19 22:29:22 #41 type.registry] 
New type domain.Admin

[2022-09-19 22:29:22 #42 type] 
Type domain.Admin is not enhanced.

[2022-09-19 22:29:22 #43 type.registry] 
New type java.util.Vector<java.lang.Object>

