------------------------------------------------------------------------------------------------------------------------

[2022-08-29 23:42:33 #1 store] 
Database 'C:\Users\Mikel\git\LaLiga\src\main\resources\bets.temp' has been recovered (tr. 1-69)

[2022-08-29 23:42:33 #2 store] 
Database 'C:\Users\Mikel\git\LaLiga\src\main\resources\bets.temp' is opened by 17272@DESKTOP-0ERA6U6

[2022-08-29 23:43:12 #3 store] 
Database 'C:\Users\Mikel\git\LaLiga\src\main\resources\bets.temp' is closed by 17272@DESKTOP-0ERA6U6

------------------------------------------------------------------------------------------------------------------------

[2022-08-29 23:55:40 #1 store] 
Database 'C:\Users\Mikel\git\LaLiga\src\main\resources\bets.temp' has been recovered (tr. 1-69)

[2022-08-29 23:55:40 #2 store] 
Database 'C:\Users\Mikel\git\LaLiga\src\main\resources\bets.temp' is opened by 10836@DESKTOP-0ERA6U6

[2022-08-29 23:56:59 #3 store] 
Database 'C:\Users\Mikel\git\LaLiga\src\main\resources\bets.temp' is closed by 10836@DESKTOP-0ERA6U6

------------------------------------------------------------------------------------------------------------------------

[2022-08-29 23:59:38 #1 store] 
Database 'C:\Users\Mikel\git\LaLiga\src\main\resources\bets.temp' has been recovered (tr. 1-69)

[2022-08-29 23:59:38 #2 store] 
Database 'C:\Users\Mikel\git\LaLiga\src\main\resources\bets.temp' is opened by 8428@DESKTOP-0ERA6U6

[2022-08-30 00:00:14 #3 store] 
Database 'C:\Users\Mikel\git\LaLiga\src\main\resources\bets.temp' is closed by 8428@DESKTOP-0ERA6U6

