------------------------------------------------------------------------------------------------------------------------

[2022-08-25 21:19:52 #1 store] 
Database 'C:\Users\Mikel\git\LaLiga\src\main\resources\bets.temp' has been recovered (tr. 1-68)

[2022-08-25 21:19:52 #2 store] 
Database 'C:\Users\Mikel\git\LaLiga\src\main\resources\bets.temp' is opened by 14312@DESKTOP-0ERA6U6

[2022-08-25 21:20:27 #3 store] 
Database 'C:\Users\Mikel\git\LaLiga\src\main\resources\bets.temp' is closed by 14312@DESKTOP-0ERA6U6

------------------------------------------------------------------------------------------------------------------------

[2022-08-25 21:20:49 #1 store] 
Database 'C:\Users\Mikel\git\LaLiga\src\main\resources\bets.temp' is opened by 9776@DESKTOP-0ERA6U6

[2022-08-25 21:21:27 #2 store] 
Database 'C:\Users\Mikel\git\LaLiga\src\main\resources\bets.temp' is closed by 9776@DESKTOP-0ERA6U6

------------------------------------------------------------------------------------------------------------------------

[2022-08-25 22:35:58 #1 explorer] 
[ObjectDB 2.6.9] javax.persistence.PersistenceException
Attempt to open a database file 'C:\Users\Mikel\git\LaLiga\src\main\resources\bets.temp' that is currently in use by another process (error 141)
	at com.objectdb.Explorer$1.run(Explorer.java:57)
	at java.awt.event.InvocationEvent.dispatch(Unknown Source)
	at java.awt.EventQueue.dispatchEventImpl(Unknown Source)
	at java.awt.EventQueue.access$500(Unknown Source)
	at java.awt.EventQueue$3.run(Unknown Source)
	at java.awt.EventQueue$3.run(Unknown Source)
	at java.security.AccessController.doPrivileged(Native Method)
	at java.security.ProtectionDomain$JavaSecurityAccessImpl.doIntersectionPrivilege(Unknown Source)
	at java.awt.EventQueue.dispatchEvent(Unknown Source)
	at java.awt.EventDispatchThread.pumpOneEventForFilters(Unknown Source)
	at java.awt.EventDispatchThread.pumpEventsForFilter(Unknown Source)
	at java.awt.EventDispatchThread.pumpEventsForHierarchy(Unknown Source)
	at java.awt.EventDispatchThread.pumpEvents(Unknown Source)
	at java.awt.EventDispatchThread.pumpEvents(Unknown Source)
	at java.awt.EventDispatchThread.run(Unknown Source)
Caused by: com.objectdb.o.UserException: Attempt to open a database file 'C:\Users\Mikel\git\LaLiga\src\main\resources\bets.temp' that is currently in use by another process
	at com.objectdb.o.MSG.d(MSG.java:62)
	at com.objectdb.o.LFL.G(LFL.java:939)
	at com.objectdb.o.LFL.B(LFL.java:885)
	at com.objectdb.o.LFL.B(LFL.java:794)
	at com.objectdb.o.SFL.<init>(SFL.java:235)
	at com.objectdb.o.MST.<init>(MST.java:123)
	at com.objectdb.o.MST.aN(MST.java:105)
	at com.objectdb.o.MSF.Vn(MSF.java:188)
	at com.objectdb.o.OMF.an(OMF.java:779)
	at com.objectdb.jpa.EMF.an(EMF.java:131)
	at com.objectdb.o.OMF.am(OMF.java:690)
	at com.objectdb.jpa.EMF.createEntityManager(EMF.java:150)
	... 17 more

------------------------------------------------------------------------------------------------------------------------

[2022-08-25 22:36:06 #1 store] 
Database 'C:\Users\Mikel\git\LaLiga\src\main\resources\bets.temp' has been recovered (tr. 1-69)

[2022-08-25 22:36:06 #2 store] 
Database 'C:\Users\Mikel\git\LaLiga\src\main\resources\bets.temp' is opened by 12496@DESKTOP-0ERA6U6

[2022-08-25 22:36:37 #3 store] 
Database 'C:\Users\Mikel\git\LaLiga\src\main\resources\bets.temp' is closed by 12496@DESKTOP-0ERA6U6

------------------------------------------------------------------------------------------------------------------------

[2022-08-25 22:39:12 #1 store] 
Database 'C:\Users\Mikel\git\LaLiga\src\main\resources\bets.temp' has been recovered (tr. 1-69)

[2022-08-25 22:39:12 #2 store] 
Database 'C:\Users\Mikel\git\LaLiga\src\main\resources\bets.temp' is opened by 13288@DESKTOP-0ERA6U6

[2022-08-25 22:41:39 #3 store] 
Database 'C:\Users\Mikel\git\LaLiga\src\main\resources\bets.temp' is closed by 13288@DESKTOP-0ERA6U6

------------------------------------------------------------------------------------------------------------------------

[2022-08-25 22:42:09 #1 store] 
Database 'C:\Users\Mikel\git\LaLiga\src\main\resources\bets.temp' has been recovered (tr. 1-69)

[2022-08-25 22:42:09 #2 store] 
Database 'C:\Users\Mikel\git\LaLiga\src\main\resources\bets.temp' is opened by 8392@DESKTOP-0ERA6U6

[2022-08-25 22:42:29 #3 store] 
Database 'C:\Users\Mikel\git\LaLiga\src\main\resources\bets.temp' is closed by 8392@DESKTOP-0ERA6U6

------------------------------------------------------------------------------------------------------------------------

[2022-08-25 22:43:24 #1 store] 
Database 'C:\Users\Mikel\git\LaLiga\src\main\resources\bets.temp' has been recovered (tr. 1-69)

[2022-08-25 22:43:24 #2 store] 
Database 'C:\Users\Mikel\git\LaLiga\src\main\resources\bets.temp' is opened by 11512@DESKTOP-0ERA6U6

[2022-08-25 22:43:32 #3 store] 
Database 'C:\Users\Mikel\git\LaLiga\src\main\resources\bets.temp' is closed by 11512@DESKTOP-0ERA6U6

