------------------------------------------------------------------------------------------------------------------------

[2022-08-24 01:48:50 #1 store] 
Database 'C:\Users\Mikel\git\LaLiga\src\main\resources\bets.temp' has been recovered (tr. 1-9)

[2022-08-24 01:48:50 #2 store] 
Database 'C:\Users\Mikel\git\LaLiga\src\main\resources\bets.temp' is opened by 19016@DESKTOP-0ERA6U6

[2022-08-24 01:48:56 #3 store] 
Database 'C:\Users\Mikel\git\LaLiga\src\main\resources\bets.temp' is closed by 19016@DESKTOP-0ERA6U6

------------------------------------------------------------------------------------------------------------------------

[2022-08-24 01:55:34 #1 store] 
Database 'C:\Users\Mikel\git\LaLiga\src\main\resources\bets.temp' has been recovered (tr. 1-8)

[2022-08-24 01:55:34 #2 store] 
Database 'C:\Users\Mikel\git\LaLiga\src\main\resources\bets.temp' is opened by 18148@DESKTOP-0ERA6U6

[2022-08-24 01:56:14 #3 store] 
Database 'C:\Users\Mikel\git\LaLiga\src\main\resources\bets.temp' is closed by 18148@DESKTOP-0ERA6U6

------------------------------------------------------------------------------------------------------------------------

[2022-08-24 02:01:07 #1 store] 
Database 'C:\Users\Mikel\git\LaLiga\src\main\resources\bets.temp' has been recovered (tr. 1-17)

[2022-08-24 02:01:07 #2 store] 
Database 'C:\Users\Mikel\git\LaLiga\src\main\resources\bets.temp' is opened by 9208@DESKTOP-0ERA6U6

[2022-08-24 02:02:25 #3 store] 
Database 'C:\Users\Mikel\git\LaLiga\src\main\resources\bets.temp' is closed by 9208@DESKTOP-0ERA6U6

------------------------------------------------------------------------------------------------------------------------

[2022-08-24 02:02:35 #1 store] 
Database 'C:\Users\Mikel\git\LaLiga\src\main\resources\bets.temp' has been recovered (tr. 1-17)

[2022-08-24 02:02:35 #2 store] 
Database 'C:\Users\Mikel\git\LaLiga\src\main\resources\bets.temp' is opened by 16532@DESKTOP-0ERA6U6

[2022-08-24 02:03:11 #3 store] 
Database 'C:\Users\Mikel\git\LaLiga\src\main\resources\bets.temp' is closed by 16532@DESKTOP-0ERA6U6

