------------------------------------------------------------------------------------------------------------------------

[2022-10-12 12:51:01 #1 store] 
Database 'C:\Users\Mikel\git\BetCompleted22_3\src\main\resources\bets.temp' is opened by 16356@DESKTOP-0ERA6U6

[2022-10-12 12:51:01 #2 type] 
Type domain.Team is not enhanced.

[2022-10-12 12:51:01 #3 type] 
Type domain.Event is not enhanced.

[2022-10-12 12:51:01 #4 type] 
Type domain.User is not enhanced.

[2022-10-12 12:51:01 #5 type] 
Type domain.Registered is not enhanced.

[2022-10-12 12:51:01 #6 type] 
Type domain.Sport is not enhanced.

[2022-10-12 12:51:01 #7 type] 
Type domain.Question is not enhanced.

[2022-10-12 12:51:01 #8 type] 
Type domain.Elkarrizketa is not enhanced.

[2022-10-12 12:51:01 #9 type.registry] 
New type java.util.ArrayList<domain.Message>

[2022-10-12 12:51:01 #10 type] 
Type domain.Message is not enhanced.

[2022-10-12 12:51:01 #11 type] 
Type domain.KirolEstatistikak is not enhanced.

[2022-10-12 12:51:01 #12 type] 
Type domain.Jarraitzailea is not enhanced.

[2022-10-12 12:51:01 #13 type] 
Type domain.ApustuAnitza is not enhanced.

[2022-10-12 12:51:01 #14 type] 
Type domain.Transaction is not enhanced.

[2022-10-12 12:51:01 #15 type] 
Type domain.Quote is not enhanced.

[2022-10-12 12:51:01 #16 type] 
Type domain.Apustua is not enhanced.

[2022-10-12 12:51:01 #17 type] 
Type domain.Admin is not enhanced.

[2022-10-12 12:51:01 #18 type.registry] 
New type java.util.ArrayList<java.lang.Object>

