------------------------------------------------------------------------------------------------------------------------

[2022-10-13 12:14:22 #1 store] 
Database 'C:\Users\Mikel\git\BetCompleted22\src\main\resources\bets.temp' has been recovered (tr. 74-136)

[2022-10-13 12:14:22 #2 store] 
Database 'C:\Users\Mikel\git\BetCompleted22\src\main\resources\bets.temp' is opened by 9036@DESKTOP-0ERA6U6

[2022-10-13 12:14:22 #3 type] 
Type domain.Team is not enhanced.

[2022-10-13 12:14:22 #4 type] 
Type domain.Event is not enhanced.

[2022-10-13 12:14:22 #5 type] 
Type domain.User is not enhanced.

[2022-10-13 12:14:22 #6 type] 
Type domain.Registered is not enhanced.

[2022-10-13 12:14:22 #7 type] 
Type domain.Sport is not enhanced.

[2022-10-13 12:14:22 #8 type] 
Type domain.Question is not enhanced.

[2022-10-13 12:14:22 #9 type] 
Type domain.Elkarrizketa is not enhanced.

[2022-10-13 12:14:22 #10 type] 
Type domain.Message is not enhanced.

[2022-10-13 12:14:22 #11 type] 
Type domain.KirolEstatistikak is not enhanced.

[2022-10-13 12:14:22 #12 type] 
Type domain.Jarraitzailea is not enhanced.

[2022-10-13 12:14:22 #13 type] 
Type domain.ApustuAnitza is not enhanced.

[2022-10-13 12:14:22 #14 type] 
Type domain.Transaction is not enhanced.

[2022-10-13 12:14:22 #15 type] 
Type domain.Quote is not enhanced.

[2022-10-13 12:14:22 #16 type] 
Type domain.Apustua is not enhanced.

[2022-10-13 12:14:22 #17 type] 
Type domain.Admin is not enhanced.

------------------------------------------------------------------------------------------------------------------------

[2022-10-13 12:16:25 #1 store] 
Database 'C:\Users\Mikel\git\BetCompleted22_4\src\main\resources\bets.temp' has been recovered (tr. 11-16)

[2022-10-13 12:16:26 #2 store] 
Database 'C:\Users\Mikel\git\BetCompleted22_4\src\main\resources\bets.temp' is opened by 15644@DESKTOP-0ERA6U6

[2022-10-13 12:16:26 #3 type] 
Type domain.Team is not enhanced.

[2022-10-13 12:16:26 #4 type] 
Type domain.Event is not enhanced.

[2022-10-13 12:16:26 #5 type] 
Type domain.User is not enhanced.

[2022-10-13 12:16:26 #6 type] 
Type domain.Registered is not enhanced.

[2022-10-13 12:16:26 #7 type] 
Type domain.Sport is not enhanced.

[2022-10-13 12:16:26 #8 type] 
Type domain.Question is not enhanced.

[2022-10-13 12:16:26 #9 type] 
Type domain.Elkarrizketa is not enhanced.

[2022-10-13 12:16:26 #10 type.registry] 
New type java.util.ArrayList<domain.Message>

[2022-10-13 12:16:26 #11 type] 
Type domain.Message is not enhanced.

[2022-10-13 12:16:26 #12 type] 
Type domain.KirolEstatistikak is not enhanced.

[2022-10-13 12:16:26 #13 type] 
Type domain.Jarraitzailea is not enhanced.

[2022-10-13 12:16:26 #14 type] 
Type domain.ApustuAnitza is not enhanced.

[2022-10-13 12:16:26 #15 type] 
Type domain.Transaction is not enhanced.

[2022-10-13 12:16:26 #16 type] 
Type domain.Quote is not enhanced.

[2022-10-13 12:16:26 #17 type] 
Type domain.Apustua is not enhanced.

[2022-10-13 12:16:26 #18 type] 
Type domain.Admin is not enhanced.

------------------------------------------------------------------------------------------------------------------------

[2022-10-13 12:16:52 #1 store] 
Database 'C:\Users\Mikel\git\BetCompleted22_3\src\main\resources\bets.temp' has been recovered (tr. 278-521)

[2022-10-13 12:16:52 #2 store] 
Database 'C:\Users\Mikel\git\BetCompleted22_3\src\main\resources\bets.temp' is opened by 17840@DESKTOP-0ERA6U6

[2022-10-13 12:16:53 #3 type] 
Type domain.Team is not enhanced.

[2022-10-13 12:16:53 #4 type] 
Type domain.Event is not enhanced.

[2022-10-13 12:16:53 #5 type] 
Type domain.User is not enhanced.

[2022-10-13 12:16:53 #6 type] 
Type domain.Registered is not enhanced.

[2022-10-13 12:16:53 #7 type] 
Type domain.Sport is not enhanced.

[2022-10-13 12:16:53 #8 type] 
Type domain.Question is not enhanced.

[2022-10-13 12:16:53 #9 type] 
Type domain.Elkarrizketa is not enhanced.

[2022-10-13 12:16:53 #10 type] 
Type domain.Message is not enhanced.

[2022-10-13 12:16:53 #11 type] 
Type domain.KirolEstatistikak is not enhanced.

[2022-10-13 12:16:53 #12 type] 
Type domain.Jarraitzailea is not enhanced.

[2022-10-13 12:16:53 #13 type] 
Type domain.ApustuAnitza is not enhanced.

[2022-10-13 12:16:53 #14 type] 
Type domain.Transaction is not enhanced.

[2022-10-13 12:16:53 #15 type] 
Type domain.Quote is not enhanced.

[2022-10-13 12:16:53 #16 type] 
Type domain.Apustua is not enhanced.

[2022-10-13 12:16:53 #17 type] 
Type domain.Admin is not enhanced.

------------------------------------------------------------------------------------------------------------------------

[2022-10-13 12:19:36 #1 store] 
Database 'C:\Users\Mikel\git\BetCompleted22_3\src\main\resources\bets.temp' has been recovered (tr. 523-780)

[2022-10-13 12:19:36 #2 store] 
Database 'C:\Users\Mikel\git\BetCompleted22_3\src\main\resources\bets.temp' is opened by 15220@DESKTOP-0ERA6U6

[2022-10-13 12:19:36 #3 type] 
Type domain.Team is not enhanced.

[2022-10-13 12:19:36 #4 type] 
Type domain.Event is not enhanced.

[2022-10-13 12:19:36 #5 type] 
Type domain.User is not enhanced.

[2022-10-13 12:19:36 #6 type] 
Type domain.Registered is not enhanced.

[2022-10-13 12:19:36 #7 type] 
Type domain.Sport is not enhanced.

[2022-10-13 12:19:36 #8 type] 
Type domain.Question is not enhanced.

[2022-10-13 12:19:36 #9 type] 
Type domain.Elkarrizketa is not enhanced.

[2022-10-13 12:19:36 #10 type] 
Type domain.Message is not enhanced.

[2022-10-13 12:19:36 #11 type] 
Type domain.KirolEstatistikak is not enhanced.

[2022-10-13 12:19:36 #12 type] 
Type domain.Jarraitzailea is not enhanced.

[2022-10-13 12:19:36 #13 type] 
Type domain.ApustuAnitza is not enhanced.

[2022-10-13 12:19:36 #14 type] 
Type domain.Transaction is not enhanced.

[2022-10-13 12:19:36 #15 type] 
Type domain.Quote is not enhanced.

[2022-10-13 12:19:36 #16 type] 
Type domain.Apustua is not enhanced.

[2022-10-13 12:19:36 #17 type] 
Type domain.Admin is not enhanced.

------------------------------------------------------------------------------------------------------------------------

[2022-10-13 12:19:44 #1 store] 
Database 'C:\Users\Mikel\git\BetCompleted22_3\src\main\resources\bets.temp' has been recovered (tr. 782-844)

[2022-10-13 12:19:44 #2 store] 
Database 'C:\Users\Mikel\git\BetCompleted22_3\src\main\resources\bets.temp' is opened by 19884@DESKTOP-0ERA6U6

[2022-10-13 12:19:44 #3 type] 
Type domain.Team is not enhanced.

[2022-10-13 12:19:44 #4 type] 
Type domain.Event is not enhanced.

[2022-10-13 12:19:44 #5 type] 
Type domain.User is not enhanced.

[2022-10-13 12:19:44 #6 type] 
Type domain.Registered is not enhanced.

[2022-10-13 12:19:44 #7 type] 
Type domain.Sport is not enhanced.

[2022-10-13 12:19:44 #8 type] 
Type domain.Question is not enhanced.

[2022-10-13 12:19:44 #9 type] 
Type domain.Elkarrizketa is not enhanced.

[2022-10-13 12:19:44 #10 type] 
Type domain.Message is not enhanced.

[2022-10-13 12:19:44 #11 type] 
Type domain.KirolEstatistikak is not enhanced.

[2022-10-13 12:19:44 #12 type] 
Type domain.Jarraitzailea is not enhanced.

[2022-10-13 12:19:44 #13 type] 
Type domain.ApustuAnitza is not enhanced.

[2022-10-13 12:19:44 #14 type] 
Type domain.Transaction is not enhanced.

[2022-10-13 12:19:44 #15 type] 
Type domain.Quote is not enhanced.

[2022-10-13 12:19:44 #16 type] 
Type domain.Apustua is not enhanced.

[2022-10-13 12:19:44 #17 type] 
Type domain.Admin is not enhanced.

------------------------------------------------------------------------------------------------------------------------

[2022-10-13 12:21:26 #1 store] 
Database 'C:\Users\Mikel\git\BetCompleted22_3\src\main\resources\bets.temp' has been recovered (tr. 845-907)

[2022-10-13 12:21:26 #2 store] 
Database 'C:\Users\Mikel\git\BetCompleted22_3\src\main\resources\bets.temp' is opened by 8776@DESKTOP-0ERA6U6

[2022-10-13 12:21:26 #3 type] 
Type domain.Team is not enhanced.

[2022-10-13 12:21:26 #4 type] 
Type domain.Event is not enhanced.

[2022-10-13 12:21:26 #5 type] 
Type domain.User is not enhanced.

[2022-10-13 12:21:26 #6 type] 
Type domain.Registered is not enhanced.

[2022-10-13 12:21:26 #7 type] 
Type domain.Sport is not enhanced.

[2022-10-13 12:21:26 #8 type] 
Type domain.Question is not enhanced.

[2022-10-13 12:21:26 #9 type] 
Type domain.Elkarrizketa is not enhanced.

[2022-10-13 12:21:26 #10 type] 
Type domain.Message is not enhanced.

[2022-10-13 12:21:26 #11 type] 
Type domain.KirolEstatistikak is not enhanced.

[2022-10-13 12:21:26 #12 type] 
Type domain.Jarraitzailea is not enhanced.

[2022-10-13 12:21:26 #13 type] 
Type domain.ApustuAnitza is not enhanced.

[2022-10-13 12:21:26 #14 type] 
Type domain.Transaction is not enhanced.

[2022-10-13 12:21:26 #15 type] 
Type domain.Quote is not enhanced.

[2022-10-13 12:21:26 #16 type] 
Type domain.Apustua is not enhanced.

[2022-10-13 12:21:26 #17 type] 
Type domain.Admin is not enhanced.

------------------------------------------------------------------------------------------------------------------------

[2022-10-13 12:22:26 #1 store] 
Database 'C:\Users\Mikel\git\BetCompleted22_3\src\main\resources\bets.temp' has been recovered (tr. 909-935)

[2022-10-13 12:22:26 #2 store] 
Database 'C:\Users\Mikel\git\BetCompleted22_3\src\main\resources\bets.temp' is opened by 10300@DESKTOP-0ERA6U6

[2022-10-13 12:22:26 #3 type] 
Type domain.Team is not enhanced.

[2022-10-13 12:22:26 #4 type] 
Type domain.Event is not enhanced.

[2022-10-13 12:22:26 #5 type] 
Type domain.User is not enhanced.

[2022-10-13 12:22:26 #6 type] 
Type domain.Registered is not enhanced.

[2022-10-13 12:22:26 #7 type] 
Type domain.Sport is not enhanced.

[2022-10-13 12:22:26 #8 type] 
Type domain.Question is not enhanced.

[2022-10-13 12:22:26 #9 type] 
Type domain.Elkarrizketa is not enhanced.

[2022-10-13 12:22:26 #10 type] 
Type domain.Message is not enhanced.

[2022-10-13 12:22:26 #11 type] 
Type domain.KirolEstatistikak is not enhanced.

[2022-10-13 12:22:26 #12 type] 
Type domain.Jarraitzailea is not enhanced.

[2022-10-13 12:22:26 #13 type] 
Type domain.ApustuAnitza is not enhanced.

[2022-10-13 12:22:26 #14 type] 
Type domain.Transaction is not enhanced.

[2022-10-13 12:22:26 #15 type] 
Type domain.Quote is not enhanced.

[2022-10-13 12:22:26 #16 type] 
Type domain.Apustua is not enhanced.

[2022-10-13 12:22:26 #17 type] 
Type domain.Admin is not enhanced.

------------------------------------------------------------------------------------------------------------------------

[2022-10-13 16:36:20 #1 store] 
Database 'C:\Users\Mikel\git\BetCompleted22_3\src\main\resources\bets.temp' has been recovered (tr. 936-998)

[2022-10-13 16:36:21 #2 store] 
Database 'C:\Users\Mikel\git\BetCompleted22_3\src\main\resources\bets.temp' is opened by 19056@DESKTOP-0ERA6U6

[2022-10-13 16:36:21 #3 type] 
Type domain.Team is not enhanced.

[2022-10-13 16:36:21 #4 type] 
Type domain.Event is not enhanced.

[2022-10-13 16:36:21 #5 type] 
Type domain.User is not enhanced.

[2022-10-13 16:36:21 #6 type] 
Type domain.Registered is not enhanced.

[2022-10-13 16:36:21 #7 type] 
Type domain.Sport is not enhanced.

[2022-10-13 16:36:21 #8 type] 
Type domain.Question is not enhanced.

[2022-10-13 16:36:21 #9 type] 
Type domain.Elkarrizketa is not enhanced.

[2022-10-13 16:36:21 #10 type] 
Type domain.Message is not enhanced.

[2022-10-13 16:36:21 #11 type] 
Type domain.KirolEstatistikak is not enhanced.

[2022-10-13 16:36:21 #12 type] 
Type domain.Jarraitzailea is not enhanced.

[2022-10-13 16:36:21 #13 type] 
Type domain.ApustuAnitza is not enhanced.

[2022-10-13 16:36:21 #14 type] 
Type domain.Transaction is not enhanced.

[2022-10-13 16:36:21 #15 type] 
Type domain.Quote is not enhanced.

[2022-10-13 16:36:21 #16 type] 
Type domain.Apustua is not enhanced.

[2022-10-13 16:36:21 #17 type] 
Type domain.Admin is not enhanced.

------------------------------------------------------------------------------------------------------------------------

[2022-10-13 17:33:38 #1 store] 
Database 'C:\Users\Mikel\git\BetCompleted22_3\src\main\resources\bets.temp' is opened by 1912@DESKTOP-0ERA6U6

[2022-10-13 17:33:38 #2 type.registry] 
New type domain.Team

[2022-10-13 17:33:38 #3 type] 
Type domain.Team is not enhanced.

[2022-10-13 17:33:38 #4 type.registry] 
New type domain.Event

[2022-10-13 17:33:38 #5 type.registry] 
New type java.util.Vector<domain.Event>

[2022-10-13 17:33:38 #6 type.registry] 
New type domain.User

[2022-10-13 17:33:38 #7 type.registry] 
New type domain.Registered

[2022-10-13 17:33:38 #8 type.registry] 
New type java.util.Vector<domain.Registered>

[2022-10-13 17:33:38 #9 type] 
Type domain.Event is not enhanced.

[2022-10-13 17:33:38 #10 type.registry] 
New type domain.Sport

[2022-10-13 17:33:38 #11 type.registry] 
New type domain.Question

[2022-10-13 17:33:38 #12 type.registry] 
New type java.util.Vector<domain.Question>

[2022-10-13 17:33:38 #13 type] 
Type domain.User is not enhanced.

[2022-10-13 17:33:38 #14 type.registry] 
New type domain.Elkarrizketa

[2022-10-13 17:33:38 #15 type.registry] 
New type java.util.Vector<domain.Elkarrizketa>

[2022-10-13 17:33:38 #16 type.registry] 
New type domain.Message

[2022-10-13 17:33:38 #17 type.registry] 
New type java.util.Vector<domain.Message>

[2022-10-13 17:33:38 #18 type] 
Type domain.Registered is not enhanced.

[2022-10-13 17:33:38 #19 type.registry] 
New type domain.KirolEstatistikak

[2022-10-13 17:33:38 #20 type.registry] 
New type java.util.Vector<domain.KirolEstatistikak>

[2022-10-13 17:33:38 #21 type.registry] 
New type domain.Jarraitzailea

[2022-10-13 17:33:38 #22 type.registry] 
New type java.util.Vector<domain.Jarraitzailea>

[2022-10-13 17:33:38 #23 type.registry] 
New type domain.ApustuAnitza

[2022-10-13 17:33:38 #24 type.registry] 
New type java.util.Vector<domain.ApustuAnitza>

[2022-10-13 17:33:38 #25 type.registry] 
New type domain.Transaction

[2022-10-13 17:33:38 #26 type] 
Type domain.Sport is not enhanced.

[2022-10-13 17:33:38 #27 type] 
Type domain.Question is not enhanced.

[2022-10-13 17:33:38 #28 type.registry] 
New type domain.Quote

[2022-10-13 17:33:38 #29 type.registry] 
New type java.util.Vector<domain.Quote>

[2022-10-13 17:33:38 #30 type] 
Type domain.Elkarrizketa is not enhanced.

[2022-10-13 17:33:38 #31 type.registry] 
New type java.util.ArrayList<domain.Message>

[2022-10-13 17:33:38 #32 type] 
Type domain.Message is not enhanced.

[2022-10-13 17:33:38 #33 type] 
Type domain.KirolEstatistikak is not enhanced.

[2022-10-13 17:33:38 #34 type] 
Type domain.Jarraitzailea is not enhanced.

[2022-10-13 17:33:38 #35 type] 
Type domain.ApustuAnitza is not enhanced.

[2022-10-13 17:33:38 #36 type.registry] 
New type domain.Apustua

[2022-10-13 17:33:38 #37 type.registry] 
New type java.util.Vector<domain.Apustua>

[2022-10-13 17:33:38 #38 type] 
Type domain.Transaction is not enhanced.

[2022-10-13 17:33:38 #39 type] 
Type domain.Quote is not enhanced.

[2022-10-13 17:33:38 #40 type] 
Type domain.Apustua is not enhanced.

[2022-10-13 17:33:38 #41 type.registry] 
New type domain.Admin

[2022-10-13 17:33:38 #42 type] 
Type domain.Admin is not enhanced.

[2022-10-13 17:33:38 #43 type.registry] 
New type java.util.Vector<java.lang.Object>

[2022-10-13 17:33:38 #44 type.registry] 
New type java.util.ArrayList<java.lang.Object>

[2022-10-13 17:33:38 #45 type.registry] 
New type java.util.Vector<domain.Transaction>

------------------------------------------------------------------------------------------------------------------------

[2022-10-13 17:34:02 #1 store] 
Database 'C:\Users\Mikel\git\BetCompleted22_3\src\main\resources\bets.temp' is opened by 4480@DESKTOP-0ERA6U6

[2022-10-13 17:34:03 #2 type.registry] 
New type domain.Team

[2022-10-13 17:34:03 #3 type] 
Type domain.Team is not enhanced.

[2022-10-13 17:34:03 #4 type.registry] 
New type domain.Event

[2022-10-13 17:34:03 #5 type.registry] 
New type java.util.Vector<domain.Event>

[2022-10-13 17:34:03 #6 type.registry] 
New type domain.User

[2022-10-13 17:34:03 #7 type.registry] 
New type domain.Registered

[2022-10-13 17:34:03 #8 type.registry] 
New type java.util.Vector<domain.Registered>

[2022-10-13 17:34:03 #9 type] 
Type domain.Event is not enhanced.

[2022-10-13 17:34:03 #10 type.registry] 
New type domain.Sport

[2022-10-13 17:34:03 #11 type.registry] 
New type domain.Question

[2022-10-13 17:34:03 #12 type.registry] 
New type java.util.Vector<domain.Question>

[2022-10-13 17:34:03 #13 type] 
Type domain.User is not enhanced.

[2022-10-13 17:34:03 #14 type.registry] 
New type domain.Elkarrizketa

[2022-10-13 17:34:03 #15 type.registry] 
New type java.util.Vector<domain.Elkarrizketa>

[2022-10-13 17:34:03 #16 type.registry] 
New type domain.Message

[2022-10-13 17:34:03 #17 type.registry] 
New type java.util.Vector<domain.Message>

[2022-10-13 17:34:03 #18 type] 
Type domain.Registered is not enhanced.

[2022-10-13 17:34:03 #19 type.registry] 
New type domain.KirolEstatistikak

[2022-10-13 17:34:03 #20 type.registry] 
New type java.util.Vector<domain.KirolEstatistikak>

[2022-10-13 17:34:03 #21 type.registry] 
New type domain.Jarraitzailea

[2022-10-13 17:34:03 #22 type.registry] 
New type java.util.Vector<domain.Jarraitzailea>

[2022-10-13 17:34:03 #23 type.registry] 
New type domain.ApustuAnitza

[2022-10-13 17:34:03 #24 type.registry] 
New type java.util.Vector<domain.ApustuAnitza>

[2022-10-13 17:34:03 #25 type.registry] 
New type domain.Transaction

[2022-10-13 17:34:03 #26 type] 
Type domain.Sport is not enhanced.

[2022-10-13 17:34:03 #27 type] 
Type domain.Question is not enhanced.

[2022-10-13 17:34:03 #28 type.registry] 
New type domain.Quote

[2022-10-13 17:34:03 #29 type.registry] 
New type java.util.Vector<domain.Quote>

[2022-10-13 17:34:03 #30 type] 
Type domain.Elkarrizketa is not enhanced.

[2022-10-13 17:34:03 #31 type.registry] 
New type java.util.ArrayList<domain.Message>

[2022-10-13 17:34:03 #32 type] 
Type domain.Message is not enhanced.

[2022-10-13 17:34:03 #33 type] 
Type domain.KirolEstatistikak is not enhanced.

[2022-10-13 17:34:03 #34 type] 
Type domain.Jarraitzailea is not enhanced.

[2022-10-13 17:34:03 #35 type] 
Type domain.ApustuAnitza is not enhanced.

[2022-10-13 17:34:03 #36 type.registry] 
New type domain.Apustua

[2022-10-13 17:34:03 #37 type.registry] 
New type java.util.Vector<domain.Apustua>

[2022-10-13 17:34:03 #38 type] 
Type domain.Transaction is not enhanced.

[2022-10-13 17:34:03 #39 type] 
Type domain.Quote is not enhanced.

[2022-10-13 17:34:03 #40 type] 
Type domain.Apustua is not enhanced.

[2022-10-13 17:34:03 #41 type.registry] 
New type domain.Admin

[2022-10-13 17:34:03 #42 type] 
Type domain.Admin is not enhanced.

[2022-10-13 17:34:03 #43 type.registry] 
New type java.util.Vector<java.lang.Object>

[2022-10-13 17:34:03 #44 type.registry] 
New type java.util.ArrayList<java.lang.Object>

[2022-10-13 17:34:03 #45 type.registry] 
New type java.util.Vector<domain.Transaction>

------------------------------------------------------------------------------------------------------------------------

[2022-10-13 17:34:19 #1 store] 
Database 'C:\Users\Mikel\git\BetCompleted22_3\src\main\resources\bets.temp' has been recovered (tr. 1-12)

[2022-10-13 17:34:20 #2 store] 
Database 'C:\Users\Mikel\git\BetCompleted22_3\src\main\resources\bets.temp' is opened by 16824@DESKTOP-0ERA6U6

[2022-10-13 17:34:20 #3 type] 
Type domain.Team is not enhanced.

[2022-10-13 17:34:20 #4 type] 
Type domain.Event is not enhanced.

[2022-10-13 17:34:20 #5 type] 
Type domain.User is not enhanced.

[2022-10-13 17:34:20 #6 type] 
Type domain.Registered is not enhanced.

[2022-10-13 17:34:20 #7 type] 
Type domain.Sport is not enhanced.

[2022-10-13 17:34:20 #8 type] 
Type domain.Question is not enhanced.

[2022-10-13 17:34:20 #9 type] 
Type domain.Elkarrizketa is not enhanced.

[2022-10-13 17:34:20 #10 type] 
Type domain.Message is not enhanced.

[2022-10-13 17:34:20 #11 type] 
Type domain.KirolEstatistikak is not enhanced.

[2022-10-13 17:34:20 #12 type] 
Type domain.Jarraitzailea is not enhanced.

[2022-10-13 17:34:20 #13 type] 
Type domain.ApustuAnitza is not enhanced.

[2022-10-13 17:34:20 #14 type] 
Type domain.Transaction is not enhanced.

[2022-10-13 17:34:20 #15 type] 
Type domain.Quote is not enhanced.

[2022-10-13 17:34:20 #16 type] 
Type domain.Apustua is not enhanced.

[2022-10-13 17:34:20 #17 type] 
Type domain.Admin is not enhanced.

