------------------------------------------------------------------------------------------------------------------------

[2022-09-28 09:37:08 #1 store] 
Database 'C:\Users\Mikel\git\BetCompleted22\src\main\resources\bets.temp' is opened by 4588@DESKTOP-0ERA6U6

[2022-09-28 09:37:09 #2 type.registry] 
New type domain.Team

[2022-09-28 09:37:09 #3 type] 
Type domain.Team is not enhanced.

[2022-09-28 09:37:09 #4 type.registry] 
New type domain.Event

[2022-09-28 09:37:09 #5 type.registry] 
New type java.util.Vector<domain.Event>

[2022-09-28 09:37:09 #6 type.registry] 
New type domain.User

[2022-09-28 09:37:09 #7 type.registry] 
New type domain.Registered

[2022-09-28 09:37:09 #8 type.registry] 
New type java.util.Vector<domain.Registered>

[2022-09-28 09:37:09 #9 type] 
Type domain.Event is not enhanced.

[2022-09-28 09:37:09 #10 type.registry] 
New type domain.Sport

[2022-09-28 09:37:09 #11 type.registry] 
New type domain.Question

[2022-09-28 09:37:09 #12 type.registry] 
New type java.util.Vector<domain.Question>

[2022-09-28 09:37:09 #13 type] 
Type domain.User is not enhanced.

[2022-09-28 09:37:09 #14 type.registry] 
New type domain.Elkarrizketa

[2022-09-28 09:37:09 #15 type.registry] 
New type java.util.Vector<domain.Elkarrizketa>

[2022-09-28 09:37:09 #16 type.registry] 
New type domain.Message

[2022-09-28 09:37:09 #17 type.registry] 
New type java.util.Vector<domain.Message>

[2022-09-28 09:37:09 #18 type] 
Type domain.Registered is not enhanced.

[2022-09-28 09:37:09 #19 type.registry] 
New type domain.KirolEstatistikak

[2022-09-28 09:37:09 #20 type.registry] 
New type java.util.Vector<domain.KirolEstatistikak>

[2022-09-28 09:37:09 #21 type.registry] 
New type domain.Jarraitzailea

[2022-09-28 09:37:09 #22 type.registry] 
New type java.util.Vector<domain.Jarraitzailea>

[2022-09-28 09:37:09 #23 type.registry] 
New type domain.ApustuAnitza

[2022-09-28 09:37:09 #24 type.registry] 
New type java.util.Vector<domain.ApustuAnitza>

[2022-09-28 09:37:09 #25 type.registry] 
New type domain.Transaction

[2022-09-28 09:37:09 #26 type.registry] 
New type java.util.Vector<domain.Transaction>

[2022-09-28 09:37:09 #27 type] 
Type domain.Sport is not enhanced.

[2022-09-28 09:37:09 #28 type] 
Type domain.Question is not enhanced.

[2022-09-28 09:37:09 #29 type.registry] 
New type domain.Quote

[2022-09-28 09:37:09 #30 type.registry] 
New type java.util.Vector<domain.Quote>

[2022-09-28 09:37:09 #31 type] 
Type domain.Elkarrizketa is not enhanced.

[2022-09-28 09:37:09 #32 type] 
Type domain.Message is not enhanced.

[2022-09-28 09:37:09 #33 type] 
Type domain.KirolEstatistikak is not enhanced.

[2022-09-28 09:37:09 #34 type] 
Type domain.Jarraitzailea is not enhanced.

[2022-09-28 09:37:09 #35 type] 
Type domain.ApustuAnitza is not enhanced.

[2022-09-28 09:37:09 #36 type.registry] 
New type domain.Apustua

[2022-09-28 09:37:09 #37 type.registry] 
New type java.util.Vector<domain.Apustua>

[2022-09-28 09:37:09 #38 type] 
Type domain.Transaction is not enhanced.

[2022-09-28 09:37:09 #39 type] 
Type domain.Quote is not enhanced.

[2022-09-28 09:37:09 #40 type] 
Type domain.Apustua is not enhanced.

[2022-09-28 09:37:09 #41 type.registry] 
New type domain.Admin

[2022-09-28 09:37:09 #42 type] 
Type domain.Admin is not enhanced.

[2022-09-28 09:37:09 #43 type.registry] 
New type java.util.Vector<java.lang.Object>

------------------------------------------------------------------------------------------------------------------------

[2022-09-28 19:05:08 #1 store] 
Database 'C:\Users\Mikel\git\BetCompleted22\src\main\resources\bets.temp' is opened by 8576@DESKTOP-0ERA6U6

[2022-09-28 19:05:09 #2 type.registry] 
New type domain.Team

[2022-09-28 19:05:09 #3 type] 
Type domain.Team is not enhanced.

[2022-09-28 19:05:09 #4 type.registry] 
New type domain.Event

[2022-09-28 19:05:09 #5 type.registry] 
New type java.util.Vector<domain.Event>

[2022-09-28 19:05:09 #6 type.registry] 
New type domain.User

[2022-09-28 19:05:09 #7 type.registry] 
New type domain.Registered

[2022-09-28 19:05:09 #8 type.registry] 
New type java.util.Vector<domain.Registered>

[2022-09-28 19:05:09 #9 type] 
Type domain.Event is not enhanced.

[2022-09-28 19:05:09 #10 type.registry] 
New type domain.Sport

[2022-09-28 19:05:09 #11 type.registry] 
New type domain.Question

[2022-09-28 19:05:09 #12 type.registry] 
New type java.util.Vector<domain.Question>

[2022-09-28 19:05:09 #13 type] 
Type domain.User is not enhanced.

[2022-09-28 19:05:09 #14 type.registry] 
New type domain.Elkarrizketa

[2022-09-28 19:05:09 #15 type.registry] 
New type java.util.Vector<domain.Elkarrizketa>

[2022-09-28 19:05:09 #16 type.registry] 
New type domain.Message

[2022-09-28 19:05:09 #17 type.registry] 
New type java.util.Vector<domain.Message>

[2022-09-28 19:05:09 #18 type] 
Type domain.Registered is not enhanced.

[2022-09-28 19:05:09 #19 type.registry] 
New type domain.KirolEstatistikak

[2022-09-28 19:05:09 #20 type.registry] 
New type java.util.Vector<domain.KirolEstatistikak>

[2022-09-28 19:05:09 #21 type.registry] 
New type domain.Jarraitzailea

[2022-09-28 19:05:09 #22 type.registry] 
New type java.util.Vector<domain.Jarraitzailea>

[2022-09-28 19:05:09 #23 type.registry] 
New type domain.ApustuAnitza

[2022-09-28 19:05:09 #24 type.registry] 
New type java.util.Vector<domain.ApustuAnitza>

[2022-09-28 19:05:09 #25 type.registry] 
New type domain.Transaction

[2022-09-28 19:05:09 #26 type.registry] 
New type java.util.Vector<domain.Transaction>

[2022-09-28 19:05:09 #27 type] 
Type domain.Sport is not enhanced.

[2022-09-28 19:05:09 #28 type] 
Type domain.Question is not enhanced.

[2022-09-28 19:05:09 #29 type.registry] 
New type domain.Quote

[2022-09-28 19:05:09 #30 type.registry] 
New type java.util.Vector<domain.Quote>

[2022-09-28 19:05:09 #31 type] 
Type domain.Elkarrizketa is not enhanced.

[2022-09-28 19:05:09 #32 type] 
Type domain.Message is not enhanced.

[2022-09-28 19:05:09 #33 type] 
Type domain.KirolEstatistikak is not enhanced.

[2022-09-28 19:05:09 #34 type] 
Type domain.Jarraitzailea is not enhanced.

[2022-09-28 19:05:09 #35 type] 
Type domain.ApustuAnitza is not enhanced.

[2022-09-28 19:05:09 #36 type.registry] 
New type domain.Apustua

[2022-09-28 19:05:09 #37 type.registry] 
New type java.util.Vector<domain.Apustua>

[2022-09-28 19:05:09 #38 type] 
Type domain.Transaction is not enhanced.

[2022-09-28 19:05:09 #39 type] 
Type domain.Quote is not enhanced.

[2022-09-28 19:05:09 #40 type] 
Type domain.Apustua is not enhanced.

[2022-09-28 19:05:09 #41 type.registry] 
New type domain.Admin

[2022-09-28 19:05:09 #42 type] 
Type domain.Admin is not enhanced.

[2022-09-28 19:05:09 #43 type.registry] 
New type java.util.Vector<java.lang.Object>

------------------------------------------------------------------------------------------------------------------------

[2022-09-28 23:11:55 #1 store] 
Database 'C:\Users\Mikel\git\BetCompleted22\src\main\resources\bets.temp' is opened by 9772@DESKTOP-0ERA6U6

[2022-09-28 23:11:56 #2 type.registry] 
New type domain.Team

[2022-09-28 23:11:56 #3 type] 
Type domain.Team is not enhanced.

[2022-09-28 23:11:56 #4 type.registry] 
New type domain.Event

[2022-09-28 23:11:56 #5 type.registry] 
New type java.util.Vector<domain.Event>

[2022-09-28 23:11:56 #6 type.registry] 
New type domain.User

[2022-09-28 23:11:56 #7 type.registry] 
New type domain.Registered

[2022-09-28 23:11:56 #8 type.registry] 
New type java.util.Vector<domain.Registered>

[2022-09-28 23:11:56 #9 type] 
Type domain.Event is not enhanced.

[2022-09-28 23:11:56 #10 type.registry] 
New type domain.Sport

[2022-09-28 23:11:56 #11 type.registry] 
New type domain.Question

[2022-09-28 23:11:56 #12 type.registry] 
New type java.util.Vector<domain.Question>

[2022-09-28 23:11:56 #13 type] 
Type domain.User is not enhanced.

[2022-09-28 23:11:56 #14 type.registry] 
New type domain.Elkarrizketa

[2022-09-28 23:11:56 #15 type.registry] 
New type java.util.Vector<domain.Elkarrizketa>

[2022-09-28 23:11:56 #16 type.registry] 
New type domain.Message

[2022-09-28 23:11:56 #17 type.registry] 
New type java.util.Vector<domain.Message>

[2022-09-28 23:11:56 #18 type] 
Type domain.Registered is not enhanced.

[2022-09-28 23:11:56 #19 type.registry] 
New type domain.KirolEstatistikak

[2022-09-28 23:11:56 #20 type.registry] 
New type java.util.Vector<domain.KirolEstatistikak>

[2022-09-28 23:11:56 #21 type.registry] 
New type domain.Jarraitzailea

[2022-09-28 23:11:56 #22 type.registry] 
New type java.util.Vector<domain.Jarraitzailea>

[2022-09-28 23:11:56 #23 type.registry] 
New type domain.ApustuAnitza

[2022-09-28 23:11:56 #24 type.registry] 
New type java.util.Vector<domain.ApustuAnitza>

[2022-09-28 23:11:56 #25 type.registry] 
New type domain.Transaction

[2022-09-28 23:11:56 #26 type.registry] 
New type java.util.Vector<domain.Transaction>

[2022-09-28 23:11:56 #27 type] 
Type domain.Sport is not enhanced.

[2022-09-28 23:11:56 #28 type] 
Type domain.Question is not enhanced.

[2022-09-28 23:11:56 #29 type.registry] 
New type domain.Quote

[2022-09-28 23:11:56 #30 type.registry] 
New type java.util.Vector<domain.Quote>

[2022-09-28 23:11:56 #31 type] 
Type domain.Elkarrizketa is not enhanced.

[2022-09-28 23:11:56 #32 type] 
Type domain.Message is not enhanced.

[2022-09-28 23:11:56 #33 type] 
Type domain.KirolEstatistikak is not enhanced.

[2022-09-28 23:11:56 #34 type] 
Type domain.Jarraitzailea is not enhanced.

[2022-09-28 23:11:56 #35 type] 
Type domain.ApustuAnitza is not enhanced.

[2022-09-28 23:11:56 #36 type.registry] 
New type domain.Apustua

[2022-09-28 23:11:56 #37 type.registry] 
New type java.util.Vector<domain.Apustua>

[2022-09-28 23:11:56 #38 type] 
Type domain.Transaction is not enhanced.

[2022-09-28 23:11:56 #39 type] 
Type domain.Quote is not enhanced.

[2022-09-28 23:11:56 #40 type] 
Type domain.Apustua is not enhanced.

[2022-09-28 23:11:56 #41 type.registry] 
New type domain.Admin

[2022-09-28 23:11:56 #42 type] 
Type domain.Admin is not enhanced.

[2022-09-28 23:11:56 #43 type.registry] 
New type java.util.Vector<java.lang.Object>

------------------------------------------------------------------------------------------------------------------------

[2022-09-28 23:14:29 #1 store] 
Database 'C:\Users\Mikel\git\BetCompleted22\src\main\resources\bets.temp' is opened by 18148@DESKTOP-0ERA6U6

[2022-09-28 23:14:29 #2 type.registry] 
New type domain.Team

[2022-09-28 23:14:29 #3 type] 
Type domain.Team is not enhanced.

[2022-09-28 23:14:29 #4 type.registry] 
New type domain.Event

[2022-09-28 23:14:29 #5 type.registry] 
New type java.util.Vector<domain.Event>

[2022-09-28 23:14:29 #6 type.registry] 
New type domain.User

[2022-09-28 23:14:29 #7 type.registry] 
New type domain.Registered

[2022-09-28 23:14:29 #8 type.registry] 
New type java.util.Vector<domain.Registered>

[2022-09-28 23:14:29 #9 type] 
Type domain.Event is not enhanced.

[2022-09-28 23:14:29 #10 type.registry] 
New type domain.Sport

[2022-09-28 23:14:29 #11 type.registry] 
New type domain.Question

[2022-09-28 23:14:29 #12 type.registry] 
New type java.util.Vector<domain.Question>

[2022-09-28 23:14:29 #13 type] 
Type domain.User is not enhanced.

[2022-09-28 23:14:29 #14 type.registry] 
New type domain.Elkarrizketa

[2022-09-28 23:14:29 #15 type.registry] 
New type java.util.Vector<domain.Elkarrizketa>

[2022-09-28 23:14:29 #16 type.registry] 
New type domain.Message

[2022-09-28 23:14:29 #17 type.registry] 
New type java.util.Vector<domain.Message>

[2022-09-28 23:14:29 #18 type] 
Type domain.Registered is not enhanced.

[2022-09-28 23:14:29 #19 type.registry] 
New type domain.KirolEstatistikak

[2022-09-28 23:14:29 #20 type.registry] 
New type java.util.Vector<domain.KirolEstatistikak>

[2022-09-28 23:14:29 #21 type.registry] 
New type domain.Jarraitzailea

[2022-09-28 23:14:29 #22 type.registry] 
New type java.util.Vector<domain.Jarraitzailea>

[2022-09-28 23:14:29 #23 type.registry] 
New type domain.ApustuAnitza

[2022-09-28 23:14:29 #24 type.registry] 
New type java.util.Vector<domain.ApustuAnitza>

[2022-09-28 23:14:29 #25 type.registry] 
New type domain.Transaction

[2022-09-28 23:14:29 #26 type.registry] 
New type java.util.Vector<domain.Transaction>

[2022-09-28 23:14:29 #27 type] 
Type domain.Sport is not enhanced.

[2022-09-28 23:14:29 #28 type] 
Type domain.Question is not enhanced.

[2022-09-28 23:14:29 #29 type.registry] 
New type domain.Quote

[2022-09-28 23:14:29 #30 type.registry] 
New type java.util.Vector<domain.Quote>

[2022-09-28 23:14:29 #31 type] 
Type domain.Elkarrizketa is not enhanced.

[2022-09-28 23:14:29 #32 type] 
Type domain.Message is not enhanced.

[2022-09-28 23:14:29 #33 type] 
Type domain.KirolEstatistikak is not enhanced.

[2022-09-28 23:14:29 #34 type] 
Type domain.Jarraitzailea is not enhanced.

[2022-09-28 23:14:29 #35 type] 
Type domain.ApustuAnitza is not enhanced.

[2022-09-28 23:14:29 #36 type.registry] 
New type domain.Apustua

[2022-09-28 23:14:29 #37 type.registry] 
New type java.util.Vector<domain.Apustua>

[2022-09-28 23:14:29 #38 type] 
Type domain.Transaction is not enhanced.

[2022-09-28 23:14:29 #39 type] 
Type domain.Quote is not enhanced.

[2022-09-28 23:14:29 #40 type] 
Type domain.Apustua is not enhanced.

[2022-09-28 23:14:29 #41 type.registry] 
New type domain.Admin

[2022-09-28 23:14:29 #42 type] 
Type domain.Admin is not enhanced.

[2022-09-28 23:14:29 #43 type.registry] 
New type java.util.Vector<java.lang.Object>

------------------------------------------------------------------------------------------------------------------------

[2022-09-28 23:44:57 #1 store] 
Database 'C:\Users\Mikel\git\BetCompleted22\src\main\resources\bets.temp' is opened by 4592@DESKTOP-0ERA6U6

[2022-09-28 23:44:58 #2 type.registry] 
New type domain.Team

[2022-09-28 23:44:58 #3 type] 
Type domain.Team is not enhanced.

[2022-09-28 23:44:58 #4 type.registry] 
New type domain.Event

[2022-09-28 23:44:58 #5 type.registry] 
New type java.util.Vector<domain.Event>

[2022-09-28 23:44:58 #6 type.registry] 
New type domain.User

[2022-09-28 23:44:58 #7 type.registry] 
New type domain.Registered

[2022-09-28 23:44:58 #8 type.registry] 
New type java.util.Vector<domain.Registered>

[2022-09-28 23:44:58 #9 type] 
Type domain.Event is not enhanced.

[2022-09-28 23:44:58 #10 type.registry] 
New type domain.Sport

[2022-09-28 23:44:58 #11 type.registry] 
New type domain.Question

[2022-09-28 23:44:58 #12 type.registry] 
New type java.util.Vector<domain.Question>

[2022-09-28 23:44:58 #13 type] 
Type domain.User is not enhanced.

[2022-09-28 23:44:58 #14 type.registry] 
New type domain.Elkarrizketa

[2022-09-28 23:44:58 #15 type.registry] 
New type java.util.Vector<domain.Elkarrizketa>

[2022-09-28 23:44:58 #16 type.registry] 
New type domain.Message

[2022-09-28 23:44:58 #17 type.registry] 
New type java.util.Vector<domain.Message>

[2022-09-28 23:44:58 #18 type] 
Type domain.Registered is not enhanced.

[2022-09-28 23:44:58 #19 type.registry] 
New type domain.KirolEstatistikak

[2022-09-28 23:44:58 #20 type.registry] 
New type java.util.Vector<domain.KirolEstatistikak>

[2022-09-28 23:44:58 #21 type.registry] 
New type domain.Jarraitzailea

[2022-09-28 23:44:58 #22 type.registry] 
New type java.util.Vector<domain.Jarraitzailea>

[2022-09-28 23:44:58 #23 type.registry] 
New type domain.ApustuAnitza

[2022-09-28 23:44:58 #24 type.registry] 
New type java.util.Vector<domain.ApustuAnitza>

[2022-09-28 23:44:58 #25 type.registry] 
New type domain.Transaction

[2022-09-28 23:44:58 #26 type.registry] 
New type java.util.Vector<domain.Transaction>

[2022-09-28 23:44:58 #27 type] 
Type domain.Sport is not enhanced.

[2022-09-28 23:44:58 #28 type] 
Type domain.Question is not enhanced.

[2022-09-28 23:44:58 #29 type.registry] 
New type domain.Quote

[2022-09-28 23:44:58 #30 type.registry] 
New type java.util.Vector<domain.Quote>

[2022-09-28 23:44:58 #31 type] 
Type domain.Elkarrizketa is not enhanced.

[2022-09-28 23:44:58 #32 type] 
Type domain.Message is not enhanced.

[2022-09-28 23:44:58 #33 type] 
Type domain.KirolEstatistikak is not enhanced.

[2022-09-28 23:44:58 #34 type] 
Type domain.Jarraitzailea is not enhanced.

[2022-09-28 23:44:58 #35 type] 
Type domain.ApustuAnitza is not enhanced.

[2022-09-28 23:44:58 #36 type.registry] 
New type domain.Apustua

[2022-09-28 23:44:58 #37 type.registry] 
New type java.util.Vector<domain.Apustua>

[2022-09-28 23:44:58 #38 type] 
Type domain.Transaction is not enhanced.

[2022-09-28 23:44:58 #39 type] 
Type domain.Quote is not enhanced.

[2022-09-28 23:44:58 #40 type] 
Type domain.Apustua is not enhanced.

[2022-09-28 23:44:58 #41 type.registry] 
New type domain.Admin

[2022-09-28 23:44:58 #42 type] 
Type domain.Admin is not enhanced.

[2022-09-28 23:44:58 #43 type.registry] 
New type java.util.Vector<java.lang.Object>

------------------------------------------------------------------------------------------------------------------------

[2022-09-28 23:45:33 #1 store] 
Database 'C:\Users\Mikel\git\BetCompleted22\src\main\resources\bets.temp' is opened by 18756@DESKTOP-0ERA6U6

[2022-09-28 23:45:34 #2 type.registry] 
New type domain.Team

[2022-09-28 23:45:34 #3 type] 
Type domain.Team is not enhanced.

[2022-09-28 23:45:34 #4 type.registry] 
New type domain.Event

[2022-09-28 23:45:34 #5 type.registry] 
New type java.util.Vector<domain.Event>

[2022-09-28 23:45:34 #6 type.registry] 
New type domain.User

[2022-09-28 23:45:34 #7 type.registry] 
New type domain.Registered

[2022-09-28 23:45:34 #8 type.registry] 
New type java.util.Vector<domain.Registered>

[2022-09-28 23:45:34 #9 type] 
Type domain.Event is not enhanced.

[2022-09-28 23:45:34 #10 type.registry] 
New type domain.Sport

[2022-09-28 23:45:34 #11 type.registry] 
New type domain.Question

[2022-09-28 23:45:34 #12 type.registry] 
New type java.util.Vector<domain.Question>

[2022-09-28 23:45:34 #13 type] 
Type domain.User is not enhanced.

[2022-09-28 23:45:34 #14 type.registry] 
New type domain.Elkarrizketa

[2022-09-28 23:45:34 #15 type.registry] 
New type java.util.Vector<domain.Elkarrizketa>

[2022-09-28 23:45:34 #16 type.registry] 
New type domain.Message

[2022-09-28 23:45:34 #17 type.registry] 
New type java.util.Vector<domain.Message>

[2022-09-28 23:45:34 #18 type] 
Type domain.Registered is not enhanced.

[2022-09-28 23:45:34 #19 type.registry] 
New type domain.KirolEstatistikak

[2022-09-28 23:45:34 #20 type.registry] 
New type java.util.Vector<domain.KirolEstatistikak>

[2022-09-28 23:45:34 #21 type.registry] 
New type domain.Jarraitzailea

[2022-09-28 23:45:34 #22 type.registry] 
New type java.util.Vector<domain.Jarraitzailea>

[2022-09-28 23:45:34 #23 type.registry] 
New type domain.ApustuAnitza

[2022-09-28 23:45:34 #24 type.registry] 
New type java.util.Vector<domain.ApustuAnitza>

[2022-09-28 23:45:34 #25 type.registry] 
New type domain.Transaction

[2022-09-28 23:45:34 #26 type.registry] 
New type java.util.Vector<domain.Transaction>

[2022-09-28 23:45:34 #27 type] 
Type domain.Sport is not enhanced.

[2022-09-28 23:45:34 #28 type] 
Type domain.Question is not enhanced.

[2022-09-28 23:45:34 #29 type.registry] 
New type domain.Quote

[2022-09-28 23:45:34 #30 type.registry] 
New type java.util.Vector<domain.Quote>

[2022-09-28 23:45:34 #31 type] 
Type domain.Elkarrizketa is not enhanced.

[2022-09-28 23:45:34 #32 type] 
Type domain.Message is not enhanced.

[2022-09-28 23:45:34 #33 type] 
Type domain.KirolEstatistikak is not enhanced.

[2022-09-28 23:45:34 #34 type] 
Type domain.Jarraitzailea is not enhanced.

[2022-09-28 23:45:34 #35 type] 
Type domain.ApustuAnitza is not enhanced.

[2022-09-28 23:45:34 #36 type.registry] 
New type domain.Apustua

[2022-09-28 23:45:34 #37 type.registry] 
New type java.util.Vector<domain.Apustua>

[2022-09-28 23:45:34 #38 type] 
Type domain.Transaction is not enhanced.

[2022-09-28 23:45:34 #39 type] 
Type domain.Quote is not enhanced.

[2022-09-28 23:45:34 #40 type] 
Type domain.Apustua is not enhanced.

[2022-09-28 23:45:34 #41 type.registry] 
New type domain.Admin

[2022-09-28 23:45:34 #42 type] 
Type domain.Admin is not enhanced.

[2022-09-28 23:45:34 #43 type.registry] 
New type java.util.Vector<java.lang.Object>

------------------------------------------------------------------------------------------------------------------------

[2022-09-28 23:47:55 #1 store] 
Database 'C:\Users\Mikel\git\BetCompleted22\src\main\resources\bets.temp' is opened by 13216@DESKTOP-0ERA6U6

[2022-09-28 23:47:55 #2 type.registry] 
New type domain.Team

[2022-09-28 23:47:55 #3 type] 
Type domain.Team is not enhanced.

[2022-09-28 23:47:55 #4 type.registry] 
New type domain.Event

[2022-09-28 23:47:55 #5 type.registry] 
New type java.util.Vector<domain.Event>

[2022-09-28 23:47:55 #6 type.registry] 
New type domain.User

[2022-09-28 23:47:55 #7 type.registry] 
New type domain.Registered

[2022-09-28 23:47:55 #8 type.registry] 
New type java.util.Vector<domain.Registered>

[2022-09-28 23:47:55 #9 type] 
Type domain.Event is not enhanced.

[2022-09-28 23:47:55 #10 type.registry] 
New type domain.Sport

[2022-09-28 23:47:55 #11 type.registry] 
New type domain.Question

[2022-09-28 23:47:55 #12 type.registry] 
New type java.util.Vector<domain.Question>

[2022-09-28 23:47:55 #13 type] 
Type domain.User is not enhanced.

[2022-09-28 23:47:55 #14 type.registry] 
New type domain.Elkarrizketa

[2022-09-28 23:47:55 #15 type.registry] 
New type java.util.Vector<domain.Elkarrizketa>

[2022-09-28 23:47:55 #16 type.registry] 
New type domain.Message

[2022-09-28 23:47:55 #17 type.registry] 
New type java.util.Vector<domain.Message>

[2022-09-28 23:47:55 #18 type] 
Type domain.Registered is not enhanced.

[2022-09-28 23:47:55 #19 type.registry] 
New type domain.KirolEstatistikak

[2022-09-28 23:47:55 #20 type.registry] 
New type java.util.Vector<domain.KirolEstatistikak>

[2022-09-28 23:47:55 #21 type.registry] 
New type domain.Jarraitzailea

[2022-09-28 23:47:55 #22 type.registry] 
New type java.util.Vector<domain.Jarraitzailea>

[2022-09-28 23:47:55 #23 type.registry] 
New type domain.ApustuAnitza

[2022-09-28 23:47:55 #24 type.registry] 
New type java.util.Vector<domain.ApustuAnitza>

[2022-09-28 23:47:55 #25 type.registry] 
New type domain.Transaction

[2022-09-28 23:47:55 #26 type.registry] 
New type java.util.Vector<domain.Transaction>

[2022-09-28 23:47:55 #27 type] 
Type domain.Sport is not enhanced.

[2022-09-28 23:47:55 #28 type] 
Type domain.Question is not enhanced.

[2022-09-28 23:47:55 #29 type.registry] 
New type domain.Quote

[2022-09-28 23:47:55 #30 type.registry] 
New type java.util.Vector<domain.Quote>

[2022-09-28 23:47:55 #31 type] 
Type domain.Elkarrizketa is not enhanced.

[2022-09-28 23:47:55 #32 type] 
Type domain.Message is not enhanced.

[2022-09-28 23:47:55 #33 type] 
Type domain.KirolEstatistikak is not enhanced.

[2022-09-28 23:47:55 #34 type] 
Type domain.Jarraitzailea is not enhanced.

[2022-09-28 23:47:55 #35 type] 
Type domain.ApustuAnitza is not enhanced.

[2022-09-28 23:47:55 #36 type.registry] 
New type domain.Apustua

[2022-09-28 23:47:55 #37 type.registry] 
New type java.util.Vector<domain.Apustua>

[2022-09-28 23:47:55 #38 type] 
Type domain.Transaction is not enhanced.

[2022-09-28 23:47:55 #39 type] 
Type domain.Quote is not enhanced.

[2022-09-28 23:47:55 #40 type] 
Type domain.Apustua is not enhanced.

[2022-09-28 23:47:55 #41 type.registry] 
New type domain.Admin

[2022-09-28 23:47:55 #42 type] 
Type domain.Admin is not enhanced.

[2022-09-28 23:47:55 #43 type.registry] 
New type java.util.Vector<java.lang.Object>

